[0.021s] Invoking command in '/home/sanket/bumperbot_ws/build/bumperbot_controller': CMAKE_PREFIX_PATH=${CMAKE_PREFIX_PATH}:/home/sanket/ros2_ws/install/my_robot_controller:/home/sanket/robot_ws/install/robot_navigation:/home/sanket/robot_ws/install/robot_motor_control:/home/sanket/robot_ws/install/robot_lidar:/opt/ros/humble /usr/bin/cmake --build /home/sanket/bumperbot_ws/build/bumperbot_controller -- -j12 -l12
[0.052s] -- Found ament_cmake: 1.3.13 (/opt/ros/humble/share/ament_cmake/cmake)
[0.162s] -- Found rclpy: 3.3.20 (/opt/ros/humble/share/rclpy/cmake)
[0.164s] -- Found std_msgs: 4.9.1 (/opt/ros/humble/share/std_msgs/cmake)
[0.203s] -- Found rosidl_generator_c: 3.1.8 (/opt/ros/humble/share/rosidl_generator_c/cmake)
[0.208s] -- Found rosidl_adapter: 3.1.8 (/opt/ros/humble/share/rosidl_adapter/cmake)
[0.216s] -- Found rosidl_generator_cpp: 3.1.8 (/opt/ros/humble/share/rosidl_generator_cpp/cmake)
[0.228s] -- Using all available rosidl_typesupport_c: rosidl_typesupport_fastrtps_c;rosidl_typesupport_introspection_c
[0.243s] -- Using all available rosidl_typesupport_cpp: rosidl_typesupport_fastrtps_cpp;rosidl_typesupport_introspection_cpp
[0.266s] -- Found geometry_msgs: 4.9.1 (/opt/ros/humble/share/geometry_msgs/cmake)
[0.341s] -- Found ament_lint_auto: 0.12.15 (/opt/ros/humble/share/ament_lint_auto/cmake)
[0.391s] -- Added test 'flake8' to check Python code syntax and style conventions
[0.391s] -- Added test 'lint_cmake' to check CMake code style
[0.392s] -- Added test 'pep257' to check Python code against some of the docstring style conventions in PEP 257
[0.392s] -- Added test 'xmllint' to check XML markup files
[0.393s] -- Configuring done
[0.398s] -- Generating done
[0.400s] -- Build files have been written to: /home/sanket/bumperbot_ws/build/bumperbot_controller
[0.429s] Built target ament_cmake_python_copy_bumperbot_controller
[0.639s] running egg_info
[0.639s] creating bumperbot_controller.egg-info
[0.639s] writing bumperbot_controller.egg-info/PKG-INFO
[0.640s] writing dependency_links to bumperbot_controller.egg-info/dependency_links.txt
[0.640s] writing top-level names to bumperbot_controller.egg-info/top_level.txt
[0.640s] writing manifest file 'bumperbot_controller.egg-info/SOURCES.txt'
[0.641s] reading manifest file 'bumperbot_controller.egg-info/SOURCES.txt'
[0.642s] writing manifest file 'bumperbot_controller.egg-info/SOURCES.txt'
[0.662s] Built target ament_cmake_python_build_bumperbot_controller_egg
[0.669s] Invoked command in '/home/sanket/bumperbot_ws/build/bumperbot_controller' returned '0': CMAKE_PREFIX_PATH=${CMAKE_PREFIX_PATH}:/home/sanket/ros2_ws/install/my_robot_controller:/home/sanket/robot_ws/install/robot_navigation:/home/sanket/robot_ws/install/robot_motor_control:/home/sanket/robot_ws/install/robot_lidar:/opt/ros/humble /usr/bin/cmake --build /home/sanket/bumperbot_ws/build/bumperbot_controller -- -j12 -l12
[0.671s] Invoking command in '/home/sanket/bumperbot_ws/build/bumperbot_controller': CMAKE_PREFIX_PATH=${CMAKE_PREFIX_PATH}:/home/sanket/ros2_ws/install/my_robot_controller:/home/sanket/robot_ws/install/robot_navigation:/home/sanket/robot_ws/install/robot_motor_control:/home/sanket/robot_ws/install/robot_lidar:/opt/ros/humble /usr/bin/cmake --install /home/sanket/bumperbot_ws/build/bumperbot_controller
[0.676s] -- Install configuration: ""
[0.676s] -- Installing: /home/sanket/bumperbot_ws/install/bumperbot_controller/share/bumperbot_controller/environment/pythonpath.sh
[0.676s] -- Installing: /home/sanket/bumperbot_ws/install/bumperbot_controller/share/bumperbot_controller/environment/pythonpath.dsv
[0.676s] -- Installing: /home/sanket/bumperbot_ws/install/bumperbot_controller/local/lib/python3.10/dist-packages/bumperbot_controller-0.0.0-py3.10.egg-info
[0.676s] -- Installing: /home/sanket/bumperbot_ws/install/bumperbot_controller/local/lib/python3.10/dist-packages/bumperbot_controller-0.0.0-py3.10.egg-info/PKG-INFO
[0.676s] -- Installing: /home/sanket/bumperbot_ws/install/bumperbot_controller/local/lib/python3.10/dist-packages/bumperbot_controller-0.0.0-py3.10.egg-info/top_level.txt
[0.676s] -- Installing: /home/sanket/bumperbot_ws/install/bumperbot_controller/local/lib/python3.10/dist-packages/bumperbot_controller-0.0.0-py3.10.egg-info/SOURCES.txt
[0.676s] -- Installing: /home/sanket/bumperbot_ws/install/bumperbot_controller/local/lib/python3.10/dist-packages/bumperbot_controller-0.0.0-py3.10.egg-info/dependency_links.txt
[0.676s] -- Installing: /home/sanket/bumperbot_ws/install/bumperbot_controller/local/lib/python3.10/dist-packages/bumperbot_controller
[0.676s] -- Installing: /home/sanket/bumperbot_ws/install/bumperbot_controller/local/lib/python3.10/dist-packages/bumperbot_controller/simple_controller.py
[0.676s] -- Installing: /home/sanket/bumperbot_ws/install/bumperbot_controller/local/lib/python3.10/dist-packages/bumperbot_controller/__init__.py
[0.701s] Listing '/home/sanket/bumperbot_ws/install/bumperbot_controller/local/lib/python3.10/dist-packages/bumperbot_controller'...
[0.701s] Compiling '/home/sanket/bumperbot_ws/install/bumperbot_controller/local/lib/python3.10/dist-packages/bumperbot_controller/__init__.py'...
[0.701s] Compiling '/home/sanket/bumperbot_ws/install/bumperbot_controller/local/lib/python3.10/dist-packages/bumperbot_controller/simple_controller.py'...
[0.705s] -- Up-to-date: /home/sanket/bumperbot_ws/install/bumperbot_controller/share/bumperbot_controller/config
[0.705s] -- Up-to-date: /home/sanket/bumperbot_ws/install/bumperbot_controller/share/bumperbot_controller/config/bumperbot_controller.yaml
[0.705s] -- Up-to-date: /home/sanket/bumperbot_ws/install/bumperbot_controller/share/bumperbot_controller/launch
[0.705s] -- Up-to-date: /home/sanket/bumperbot_ws/install/bumperbot_controller/share/bumperbot_controller/launch/controller.launch.py
[0.705s] -- Installing: /home/sanket/bumperbot_ws/install/bumperbot_controller/lib/bumperbot_controller/simple_controller.py
[0.705s] -- Installing: /home/sanket/bumperbot_ws/install/bumperbot_controller/share/ament_index/resource_index/package_run_dependencies/bumperbot_controller
[0.705s] -- Installing: /home/sanket/bumperbot_ws/install/bumperbot_controller/share/ament_index/resource_index/parent_prefix_path/bumperbot_controller
[0.705s] -- Up-to-date: /home/sanket/bumperbot_ws/install/bumperbot_controller/share/bumperbot_controller/environment/ament_prefix_path.sh
[0.705s] -- Installing: /home/sanket/bumperbot_ws/install/bumperbot_controller/share/bumperbot_controller/environment/ament_prefix_path.dsv
[0.705s] -- Up-to-date: /home/sanket/bumperbot_ws/install/bumperbot_controller/share/bumperbot_controller/environment/path.sh
[0.705s] -- Installing: /home/sanket/bumperbot_ws/install/bumperbot_controller/share/bumperbot_controller/environment/path.dsv
[0.705s] -- Up-to-date: /home/sanket/bumperbot_ws/install/bumperbot_controller/share/bumperbot_controller/local_setup.bash
[0.705s] -- Installing: /home/sanket/bumperbot_ws/install/bumperbot_controller/share/bumperbot_controller/local_setup.sh
[0.705s] -- Up-to-date: /home/sanket/bumperbot_ws/install/bumperbot_controller/share/bumperbot_controller/local_setup.zsh
[0.706s] -- Installing: /home/sanket/bumperbot_ws/install/bumperbot_controller/share/bumperbot_controller/local_setup.dsv
[0.706s] -- Installing: /home/sanket/bumperbot_ws/install/bumperbot_controller/share/bumperbot_controller/package.dsv
[0.706s] -- Up-to-date: /home/sanket/bumperbot_ws/install/bumperbot_controller/share/ament_index/resource_index/packages/bumperbot_controller
[0.706s] -- Up-to-date: /home/sanket/bumperbot_ws/install/bumperbot_controller/share/bumperbot_controller/cmake/bumperbot_controllerConfig.cmake
[0.706s] -- Up-to-date: /home/sanket/bumperbot_ws/install/bumperbot_controller/share/bumperbot_controller/cmake/bumperbot_controllerConfig-version.cmake
[0.706s] -- Installing: /home/sanket/bumperbot_ws/install/bumperbot_controller/share/bumperbot_controller/package.xml
[0.707s] Invoked command in '/home/sanket/bumperbot_ws/build/bumperbot_controller' returned '0': CMAKE_PREFIX_PATH=${CMAKE_PREFIX_PATH}:/home/sanket/ros2_ws/install/my_robot_controller:/home/sanket/robot_ws/install/robot_navigation:/home/sanket/robot_ws/install/robot_motor_control:/home/sanket/robot_ws/install/robot_lidar:/opt/ros/humble /usr/bin/cmake --install /home/sanket/bumperbot_ws/build/bumperbot_controller
