[0.016s] Invoking command in '/home/sanket/bumperbot_ws/build/bumperbot_cpp_examples': CMAKE_PREFIX_PATH=${CMAKE_PREFIX_PATH}:/home/sanket/ros2_ws/install/my_robot_controller:/home/sanket/robot_ws/install/robot_navigation:/home/sanket/robot_ws/install/robot_motor_control:/home/sanket/robot_ws/install/robot_lidar:/opt/ros/humble /usr/bin/cmake --build /home/sanket/bumperbot_ws/build/bumperbot_cpp_examples -- -j12 -l12
[0.066s] [35m[1mConsolidate compiler generated dependencies of target simple_turtlesim_kinematics[0m
[0.095s] [100%] Built target simple_parameter
[0.095s] [100%] Built target simple_subscriber
[0.095s] [100%] Built target simple_publisher
[0.095s] [100%] Built target simple_turtlesim_kinematics
[0.258s] Invoked command in '/home/sanket/bumperbot_ws/build/bumperbot_cpp_examples' returned '0': CMAKE_PREFIX_PATH=${CMAKE_PREFIX_PATH}:/home/sanket/ros2_ws/install/my_robot_controller:/home/sanket/robot_ws/install/robot_navigation:/home/sanket/robot_ws/install/robot_motor_control:/home/sanket/robot_ws/install/robot_lidar:/opt/ros/humble /usr/bin/cmake --build /home/sanket/bumperbot_ws/build/bumperbot_cpp_examples -- -j12 -l12
[0.259s] Invoking command in '/home/sanket/bumperbot_ws/build/bumperbot_cpp_examples': CMAKE_PREFIX_PATH=${CMAKE_PREFIX_PATH}:/home/sanket/ros2_ws/install/my_robot_controller:/home/sanket/robot_ws/install/robot_navigation:/home/sanket/robot_ws/install/robot_motor_control:/home/sanket/robot_ws/install/robot_lidar:/opt/ros/humble /usr/bin/cmake --install /home/sanket/bumperbot_ws/build/bumperbot_cpp_examples
[0.264s] -- Install configuration: ""
[0.264s] -- Up-to-date: /home/sanket/bumperbot_ws/install/bumperbot_cpp_examples/include
[0.264s] -- Up-to-date: /home/sanket/bumperbot_ws/install/bumperbot_cpp_examples/include/bumperbot_cpp_examples
[0.264s] -- Up-to-date: /home/sanket/bumperbot_ws/install/bumperbot_cpp_examples/include/bumperbot_cpp_examples/simple_turtlesim_kinematics.hpp
[0.266s] -- Up-to-date: /home/sanket/bumperbot_ws/install/bumperbot_cpp_examples/lib/bumperbot_cpp_examples/simple_publisher
[0.266s] -- Up-to-date: /home/sanket/bumperbot_ws/install/bumperbot_cpp_examples/lib/bumperbot_cpp_examples/simple_subscriber
[0.267s] -- Up-to-date: /home/sanket/bumperbot_ws/install/bumperbot_cpp_examples/lib/bumperbot_cpp_examples/simple_parameter
[0.267s] -- Up-to-date: /home/sanket/bumperbot_ws/install/bumperbot_cpp_examples/lib/bumperbot_cpp_examples/simple_turtlesim_kinematics
[0.267s] -- Up-to-date: /home/sanket/bumperbot_ws/install/bumperbot_cpp_examples/share/ament_index/resource_index/package_run_dependencies/bumperbot_cpp_examples
[0.268s] -- Up-to-date: /home/sanket/bumperbot_ws/install/bumperbot_cpp_examples/share/ament_index/resource_index/parent_prefix_path/bumperbot_cpp_examples
[0.268s] -- Up-to-date: /home/sanket/bumperbot_ws/install/bumperbot_cpp_examples/share/bumperbot_cpp_examples/environment/ament_prefix_path.sh
[0.268s] -- Up-to-date: /home/sanket/bumperbot_ws/install/bumperbot_cpp_examples/share/bumperbot_cpp_examples/environment/ament_prefix_path.dsv
[0.268s] -- Up-to-date: /home/sanket/bumperbot_ws/install/bumperbot_cpp_examples/share/bumperbot_cpp_examples/environment/path.sh
[0.268s] -- Up-to-date: /home/sanket/bumperbot_ws/install/bumperbot_cpp_examples/share/bumperbot_cpp_examples/environment/path.dsv
[0.268s] -- Up-to-date: /home/sanket/bumperbot_ws/install/bumperbot_cpp_examples/share/bumperbot_cpp_examples/local_setup.bash
[0.268s] -- Up-to-date: /home/sanket/bumperbot_ws/install/bumperbot_cpp_examples/share/bumperbot_cpp_examples/local_setup.sh
[0.268s] -- Up-to-date: /home/sanket/bumperbot_ws/install/bumperbot_cpp_examples/share/bumperbot_cpp_examples/local_setup.zsh
[0.269s] -- Up-to-date: /home/sanket/bumperbot_ws/install/bumperbot_cpp_examples/share/bumperbot_cpp_examples/local_setup.dsv
[0.269s] -- Installing: /home/sanket/bumperbot_ws/install/bumperbot_cpp_examples/share/bumperbot_cpp_examples/package.dsv
[0.269s] -- Up-to-date: /home/sanket/bumperbot_ws/install/bumperbot_cpp_examples/share/ament_index/resource_index/packages/bumperbot_cpp_examples
[0.269s] -- Up-to-date: /home/sanket/bumperbot_ws/install/bumperbot_cpp_examples/share/bumperbot_cpp_examples/cmake/bumperbot_cpp_examplesConfig.cmake
[0.269s] -- Up-to-date: /home/sanket/bumperbot_ws/install/bumperbot_cpp_examples/share/bumperbot_cpp_examples/cmake/bumperbot_cpp_examplesConfig-version.cmake
[0.269s] -- Up-to-date: /home/sanket/bumperbot_ws/install/bumperbot_cpp_examples/share/bumperbot_cpp_examples/package.xml
[0.282s] Invoked command in '/home/sanket/bumperbot_ws/build/bumperbot_cpp_examples' returned '0': CMAKE_PREFIX_PATH=${CMAKE_PREFIX_PATH}:/home/sanket/ros2_ws/install/my_robot_controller:/home/sanket/robot_ws/install/robot_navigation:/home/sanket/robot_ws/install/robot_motor_control:/home/sanket/robot_ws/install/robot_lidar:/opt/ros/humble /usr/bin/cmake --install /home/sanket/bumperbot_ws/build/bumperbot_cpp_examples
