[0.018s] Invoking command in '/home/sanket/bumperbot_ws/build/bumperbot_controller': CMAKE_PREFIX_PATH=${CMAKE_PREFIX_PATH}:/home/sanket/ros2_ws/install/my_robot_controller:/home/sanket/robot_ws/install/robot_navigation:/home/sanket/robot_ws/install/robot_motor_control:/home/sanket/robot_ws/install/robot_lidar:/opt/ros/humble /usr/bin/cmake --build /home/sanket/bumperbot_ws/build/bumperbot_controller -- -j12 -l12
[0.035s] -- Found ament_cmake: 1.3.13 (/opt/ros/humble/share/ament_cmake/cmake)
[0.125s] -- Found rclpy: 3.3.20 (/opt/ros/humble/share/rclpy/cmake)
[0.125s] -- Found std_msgs: 4.9.1 (/opt/ros/humble/share/std_msgs/cmake)
[0.141s] -- Found rosidl_generator_c: 3.1.8 (/opt/ros/humble/share/rosidl_generator_c/cmake)
[0.143s] -- Found rosidl_adapter: 3.1.8 (/opt/ros/humble/share/rosidl_adapter/cmake)
[0.146s] -- Found rosidl_generator_cpp: 3.1.8 (/opt/ros/humble/share/rosidl_generator_cpp/cmake)
[0.152s] -- Using all available rosidl_typesupport_c: rosidl_typesupport_fastrtps_c;rosidl_typesupport_introspection_c
[0.160s] -- Using all available rosidl_typesupport_cpp: rosidl_typesupport_fastrtps_cpp;rosidl_typesupport_introspection_cpp
[0.174s] -- Found geometry_msgs: 4.9.1 (/opt/ros/humble/share/geometry_msgs/cmake)
[0.181s] -- Found rclcpp: 16.0.18 (/opt/ros/humble/share/rclcpp/cmake)
[0.197s] -- Found rmw_implementation_cmake: 6.1.2 (/opt/ros/humble/share/rmw_implementation_cmake/cmake)
[0.198s] -- Found rmw_fastrtps_cpp: 6.2.10 (/opt/ros/humble/share/rmw_fastrtps_cpp/cmake)
[0.273s] -- Using RMW implementation 'rmw_fastrtps_cpp' as default
[0.344s] -- Found ament_lint_auto: 0.12.15 (/opt/ros/humble/share/ament_lint_auto/cmake)
[0.391s] -- Added test 'cppcheck' to perform static code analysis on C / C++ code
[0.391s] -- Configured cppcheck include dirs: /home/sanket/bumperbot_ws/src/bumperbot_controller/include
[0.391s] -- Configured cppcheck exclude dirs and/or files: 
[0.391s] -- Added test 'flake8' to check Python code syntax and style conventions
[0.391s] -- Added test 'lint_cmake' to check CMake code style
[0.391s] -- Added test 'pep257' to check Python code against some of the docstring style conventions in PEP 257
[0.392s] -- Added test 'uncrustify' to check C / C++ code style
[0.392s] -- Configured uncrustify additional arguments: 
[0.392s] -- Added test 'xmllint' to check XML markup files
[0.392s] -- Configuring done
[0.400s] -- Generating done
[0.403s] -- Build files have been written to: /home/sanket/bumperbot_ws/build/bumperbot_controller
[0.429s] [ 50%] [32mBuilding CXX object CMakeFiles/simple_controller.dir/src/simple_controller.cpp.o[0m
[0.447s] [ 50%] Built target ament_cmake_python_copy_bumperbot_controller
[0.673s] running egg_info
[0.673s] writing bumperbot_controller.egg-info/PKG-INFO
[0.674s] writing dependency_links to bumperbot_controller.egg-info/dependency_links.txt
[0.674s] writing top-level names to bumperbot_controller.egg-info/top_level.txt
[0.675s] reading manifest file 'bumperbot_controller.egg-info/SOURCES.txt'
[0.676s] writing manifest file 'bumperbot_controller.egg-info/SOURCES.txt'
[0.696s] [ 50%] Built target ament_cmake_python_build_bumperbot_controller_egg
[2.901s] In file included from [01m[K/usr/include/x86_64-linux-gnu/c++/11/bits/c++allocator.h:33[m[K,
[2.901s]                  from [01m[K/usr/include/c++/11/bits/allocator.h:46[m[K,
[2.901s]                  from [01m[K/usr/include/c++/11/memory:64[m[K,
[2.901s]                  from [01m[K/opt/ros/humble/include/rclcpp/rclcpp/rclcpp.hpp:153[m[K,
[2.901s]                  from [01m[K/home/sanket/bumperbot_ws/src/bumperbot_controller/include/bumperbot_controller/simple_controller.hpp:5[m[K,
[2.901s]                  from [01m[K/home/sanket/bumperbot_ws/src/bumperbot_controller/src/simple_controller.cpp:1[m[K:
[2.901s] /usr/include/c++/11/ext/new_allocator.h: In instantiation of ‘[01m[Kvoid __gnu_cxx::new_allocator<_Tp>::construct(_Up*, _Args&& ...) [with _Up = SimpleController; _Args = {}; _Tp = SimpleController][m[K’:
[2.901s] [01m[K/usr/include/c++/11/bits/alloc_traits.h:516:17:[m[K   required from ‘[01m[Kstatic void std::allocator_traits<std::allocator<_Tp1> >::construct(std::allocator_traits<std::allocator<_Tp1> >::allocator_type&, _Up*, _Args&& ...) [with _Up = SimpleController; _Args = {}; _Tp = SimpleController; std::allocator_traits<std::allocator<_Tp1> >::allocator_type = std::allocator<SimpleController>][m[K’
[2.901s] [01m[K/usr/include/c++/11/bits/shared_ptr_base.h:519:39:[m[K   required from ‘[01m[Kstd::_Sp_counted_ptr_inplace<_Tp, _Alloc, _Lp>::_Sp_counted_ptr_inplace(_Alloc, _Args&& ...) [with _Args = {}; _Tp = SimpleController; _Alloc = std::allocator<SimpleController>; __gnu_cxx::_Lock_policy _Lp = __gnu_cxx::_S_atomic][m[K’
[2.901s] [01m[K/usr/include/c++/11/bits/shared_ptr_base.h:650:16:[m[K   required from ‘[01m[Kstd::__shared_count<_Lp>::__shared_count(_Tp*&, std::_Sp_alloc_shared_tag<_Alloc>, _Args&& ...) [with _Tp = SimpleController; _Alloc = std::allocator<SimpleController>; _Args = {}; __gnu_cxx::_Lock_policy _Lp = __gnu_cxx::_S_atomic][m[K’
[2.901s] [01m[K/usr/include/c++/11/bits/shared_ptr_base.h:1342:14:[m[K   required from ‘[01m[Kstd::__shared_ptr<_Tp, _Lp>::__shared_ptr(std::_Sp_alloc_shared_tag<_Tp>, _Args&& ...) [with _Alloc = std::allocator<SimpleController>; _Args = {}; _Tp = SimpleController; __gnu_cxx::_Lock_policy _Lp = __gnu_cxx::_S_atomic][m[K’
[2.902s] [01m[K/usr/include/c++/11/bits/shared_ptr.h:409:59:[m[K   required from ‘[01m[Kstd::shared_ptr<_Tp>::shared_ptr(std::_Sp_alloc_shared_tag<_Tp>, _Args&& ...) [with _Alloc = std::allocator<SimpleController>; _Args = {}; _Tp = SimpleController][m[K’
[2.902s] [01m[K/usr/include/c++/11/bits/shared_ptr.h:862:14:[m[K   required from ‘[01m[Kstd::shared_ptr<_Tp> std::allocate_shared(const _Alloc&, _Args&& ...) [with _Tp = SimpleController; _Alloc = std::allocator<SimpleController>; _Args = {}][m[K’
[2.902s] [01m[K/usr/include/c++/11/bits/shared_ptr.h:878:39:[m[K   required from ‘[01m[Kstd::shared_ptr<_Tp> std::make_shared(_Args&& ...) [with _Tp = SimpleController; _Args = {}][m[K’
[2.902s] [01m[K/home/sanket/bumperbot_ws/src/bumperbot_controller/src/simple_controller.cpp:43:51:[m[K   required from here
[2.902s] [01m[K/usr/include/c++/11/ext/new_allocator.h:162:11:[m[K [01;31m[Kerror: [m[Kno matching function for call to ‘[01m[KSimpleController::SimpleController()[m[K’
[2.902s]   162 |         { [01;31m[K::new((void *)__p) _Up(std::forward<_Args>(__args)...)[m[K; }
[2.902s]       |           [01;31m[K^~~~~~~~~~~~~~~~~~~~~~~~~~~~~~~~~~~~~~~~~~~~~~~~~~~~~~[m[K
[2.902s] [01m[K/home/sanket/bumperbot_ws/src/bumperbot_controller/src/simple_controller.cpp:7:1:[m[K [01;36m[Knote: [m[Kcandidate: ‘[01m[KSimpleController::SimpleController(const string&)[m[K’
[2.902s]     7 | [01;36m[KSimpleController[m[K::SimpleController(const std ::string & name): Node(name)
[2.902s]       | [01;36m[K^~~~~~~~~~~~~~~~[m[K
[2.902s] [01m[K/home/sanket/bumperbot_ws/src/bumperbot_controller/src/simple_controller.cpp:7:1:[m[K [01;36m[Knote: [m[K  candidate expects 1 argument, 0 provided
[4.157s] gmake[2]: *** [CMakeFiles/simple_controller.dir/build.make:76: CMakeFiles/simple_controller.dir/src/simple_controller.cpp.o] Error 1
[4.157s] gmake[1]: *** [CMakeFiles/Makefile2:192: CMakeFiles/simple_controller.dir/all] Error 2
[4.157s] gmake: *** [Makefile:146: all] Error 2
[4.159s] Invoked command in '/home/sanket/bumperbot_ws/build/bumperbot_controller' returned '2': CMAKE_PREFIX_PATH=${CMAKE_PREFIX_PATH}:/home/sanket/ros2_ws/install/my_robot_controller:/home/sanket/robot_ws/install/robot_navigation:/home/sanket/robot_ws/install/robot_motor_control:/home/sanket/robot_ws/install/robot_lidar:/opt/ros/humble /usr/bin/cmake --build /home/sanket/bumperbot_ws/build/bumperbot_controller -- -j12 -l12
