[0.019s] Invoking command in '/home/sanket/bumperbot_ws/build/bumperbot_description': CMAKE_PREFIX_PATH=${CMAKE_PREFIX_PATH}:/home/sanket/bumperbot_ws/install/bumperbot_py_examples:/home/sanket/ros2_ws/install/my_robot_controller:/home/sanket/robot_ws/install/robot_navigation:/home/sanket/robot_ws/install/robot_motor_control:/home/sanket/robot_ws/install/robot_lidar:/opt/ros/humble /usr/bin/cmake /home/sanket/bumperbot_ws/src/bumperbot_description -DCMAKE_INSTALL_PREFIX=/home/sanket/bumperbot_ws/install/bumperbot_description
[0.081s] -- The C compiler identification is GNU 11.4.0
[0.140s] -- The CXX compiler identification is GNU 11.4.0
[0.151s] -- Detecting C compiler ABI info
[0.219s] -- Detecting C compiler ABI info - done
[0.229s] -- Check for working C compiler: /usr/bin/cc - skipped
[0.230s] -- Detecting C compile features
[0.230s] -- Detecting C compile features - done
[0.234s] -- Detecting CXX compiler ABI info
[0.311s] -- Detecting CXX compiler ABI info - done
[0.320s] -- Check for working CXX compiler: /usr/bin/c++ - skipped
[0.320s] -- Detecting CXX compile features
[0.320s] -- Detecting CXX compile features - done
[0.330s] -- Found ament_cmake: 1.3.13 (/opt/ros/humble/share/ament_cmake/cmake)
[0.505s] -- Found Python3: /usr/bin/python3 (found version "3.10.12") found components: Interpreter 
[0.630s] -- Found ament_lint_auto: 0.12.15 (/opt/ros/humble/share/ament_lint_auto/cmake)
[0.734s] -- Added test 'flake8' to check Python code syntax and style conventions
[0.734s] -- Added test 'lint_cmake' to check CMake code style
[0.735s] -- Added test 'pep257' to check Python code against some of the docstring style conventions in PEP 257
[0.738s] -- Added test 'xmllint' to check XML markup files
[0.741s] -- Configuring done
[0.745s] -- Generating done
[0.748s] -- Build files have been written to: /home/sanket/bumperbot_ws/build/bumperbot_description
[0.754s] Invoked command in '/home/sanket/bumperbot_ws/build/bumperbot_description' returned '0': CMAKE_PREFIX_PATH=${CMAKE_PREFIX_PATH}:/home/sanket/bumperbot_ws/install/bumperbot_py_examples:/home/sanket/ros2_ws/install/my_robot_controller:/home/sanket/robot_ws/install/robot_navigation:/home/sanket/robot_ws/install/robot_motor_control:/home/sanket/robot_ws/install/robot_lidar:/opt/ros/humble /usr/bin/cmake /home/sanket/bumperbot_ws/src/bumperbot_description -DCMAKE_INSTALL_PREFIX=/home/sanket/bumperbot_ws/install/bumperbot_description
[0.757s] Invoking command in '/home/sanket/bumperbot_ws/build/bumperbot_description': CMAKE_PREFIX_PATH=${CMAKE_PREFIX_PATH}:/home/sanket/bumperbot_ws/install/bumperbot_py_examples:/home/sanket/ros2_ws/install/my_robot_controller:/home/sanket/robot_ws/install/robot_navigation:/home/sanket/robot_ws/install/robot_motor_control:/home/sanket/robot_ws/install/robot_lidar:/opt/ros/humble /usr/bin/cmake --build /home/sanket/bumperbot_ws/build/bumperbot_description -- -j12 -l12
[0.792s] Invoked command in '/home/sanket/bumperbot_ws/build/bumperbot_description' returned '0': CMAKE_PREFIX_PATH=${CMAKE_PREFIX_PATH}:/home/sanket/bumperbot_ws/install/bumperbot_py_examples:/home/sanket/ros2_ws/install/my_robot_controller:/home/sanket/robot_ws/install/robot_navigation:/home/sanket/robot_ws/install/robot_motor_control:/home/sanket/robot_ws/install/robot_lidar:/opt/ros/humble /usr/bin/cmake --build /home/sanket/bumperbot_ws/build/bumperbot_description -- -j12 -l12
[0.802s] Invoking command in '/home/sanket/bumperbot_ws/build/bumperbot_description': CMAKE_PREFIX_PATH=${CMAKE_PREFIX_PATH}:/home/sanket/bumperbot_ws/install/bumperbot_py_examples:/home/sanket/ros2_ws/install/my_robot_controller:/home/sanket/robot_ws/install/robot_navigation:/home/sanket/robot_ws/install/robot_motor_control:/home/sanket/robot_ws/install/robot_lidar:/opt/ros/humble /usr/bin/cmake --install /home/sanket/bumperbot_ws/build/bumperbot_description
[0.811s] -- Install configuration: ""
[0.811s] -- Installing: /home/sanket/bumperbot_ws/install/bumperbot_description/share/bumperbot_description/meshes
[0.811s] -- Installing: /home/sanket/bumperbot_ws/install/bumperbot_description/share/bumperbot_description/meshes/caster_front_link.STL
[0.812s] -- Installing: /home/sanket/bumperbot_ws/install/bumperbot_description/share/bumperbot_description/meshes/caster_rear_link.STL
[0.813s] -- Installing: /home/sanket/bumperbot_ws/install/bumperbot_description/share/bumperbot_description/meshes/wheel_left_link.STL
[0.816s] -- Installing: /home/sanket/bumperbot_ws/install/bumperbot_description/share/bumperbot_description/meshes/wheel_right_link.STL
[0.819s] -- Installing: /home/sanket/bumperbot_ws/install/bumperbot_description/share/bumperbot_description/meshes/imu_link.STL
[0.820s] -- Installing: /home/sanket/bumperbot_ws/install/bumperbot_description/share/bumperbot_description/meshes/base_link.STL
[0.847s] -- Installing: /home/sanket/bumperbot_ws/install/bumperbot_description/share/bumperbot_description/urdf
[0.847s] -- Installing: /home/sanket/bumperbot_ws/install/bumperbot_description/share/bumperbot_description/urdf/bumperbot_gazebo.xacro
[0.847s] -- Installing: /home/sanket/bumperbot_ws/install/bumperbot_description/share/bumperbot_description/urdf/bumperbot_ros2_control.xacro
[0.848s] -- Installing: /home/sanket/bumperbot_ws/install/bumperbot_description/share/bumperbot_description/urdf/bumperbot.urdf.xacro
[0.848s] -- Installing: /home/sanket/bumperbot_ws/install/bumperbot_description/share/bumperbot_description/launch
[0.848s] -- Installing: /home/sanket/bumperbot_ws/install/bumperbot_description/share/bumperbot_description/launch/gazebo.launch.py
[0.848s] -- Installing: /home/sanket/bumperbot_ws/install/bumperbot_description/share/bumperbot_description/launch/display.launch.py
[0.848s] -- Installing: /home/sanket/bumperbot_ws/install/bumperbot_description/share/bumperbot_description/rviz
[0.848s] -- Installing: /home/sanket/bumperbot_ws/install/bumperbot_description/share/bumperbot_description/rviz/display.rviz
[0.848s] -- Installing: /home/sanket/bumperbot_ws/install/bumperbot_description/share/ament_index/resource_index/package_run_dependencies/bumperbot_description
[0.849s] -- Installing: /home/sanket/bumperbot_ws/install/bumperbot_description/share/ament_index/resource_index/parent_prefix_path/bumperbot_description
[0.849s] -- Installing: /home/sanket/bumperbot_ws/install/bumperbot_description/share/bumperbot_description/environment/ament_prefix_path.sh
[0.849s] -- Installing: /home/sanket/bumperbot_ws/install/bumperbot_description/share/bumperbot_description/environment/ament_prefix_path.dsv
[0.849s] -- Installing: /home/sanket/bumperbot_ws/install/bumperbot_description/share/bumperbot_description/environment/path.sh
[0.849s] -- Installing: /home/sanket/bumperbot_ws/install/bumperbot_description/share/bumperbot_description/environment/path.dsv
[0.849s] -- Installing: /home/sanket/bumperbot_ws/install/bumperbot_description/share/bumperbot_description/local_setup.bash
[0.849s] -- Installing: /home/sanket/bumperbot_ws/install/bumperbot_description/share/bumperbot_description/local_setup.sh
[0.849s] -- Installing: /home/sanket/bumperbot_ws/install/bumperbot_description/share/bumperbot_description/local_setup.zsh
[0.850s] -- Installing: /home/sanket/bumperbot_ws/install/bumperbot_description/share/bumperbot_description/local_setup.dsv
[0.850s] -- Installing: /home/sanket/bumperbot_ws/install/bumperbot_description/share/bumperbot_description/package.dsv
[0.850s] -- Installing: /home/sanket/bumperbot_ws/install/bumperbot_description/share/ament_index/resource_index/packages/bumperbot_description
[0.850s] -- Installing: /home/sanket/bumperbot_ws/install/bumperbot_description/share/bumperbot_description/cmake/bumperbot_descriptionConfig.cmake
[0.850s] -- Installing: /home/sanket/bumperbot_ws/install/bumperbot_description/share/bumperbot_description/cmake/bumperbot_descriptionConfig-version.cmake
[0.850s] -- Installing: /home/sanket/bumperbot_ws/install/bumperbot_description/share/bumperbot_description/package.xml
[0.853s] Invoked command in '/home/sanket/bumperbot_ws/build/bumperbot_description' returned '0': CMAKE_PREFIX_PATH=${CMAKE_PREFIX_PATH}:/home/sanket/bumperbot_ws/install/bumperbot_py_examples:/home/sanket/ros2_ws/install/my_robot_controller:/home/sanket/robot_ws/install/robot_navigation:/home/sanket/robot_ws/install/robot_motor_control:/home/sanket/robot_ws/install/robot_lidar:/opt/ros/humble /usr/bin/cmake --install /home/sanket/bumperbot_ws/build/bumperbot_description
