[0.194s] DEBUG:colcon:Command line arguments: ['/usr/bin/colcon', 'build']
[0.194s] DEBUG:colcon:Parsed command line arguments: Namespace(log_base=None, log_level=None, verb_name='build', build_base='build', install_base='install', merge_install=False, symlink_install=False, test_result_base=None, continue_on_error=False, executor='parallel', parallel_workers=12, event_handlers=None, ignore_user_meta=False, metas=['./colcon.meta'], base_paths=['.'], packages_ignore=None, packages_ignore_regex=None, paths=None, packages_up_to=None, packages_up_to_regex=None, packages_above=None, packages_above_and_dependencies=None, packages_above_depth=None, packages_select_by_dep=None, packages_skip_by_dep=None, packages_skip_up_to=None, packages_select_build_failed=False, packages_skip_build_finished=False, packages_select_test_failures=False, packages_skip_test_passed=False, packages_select=None, packages_skip=None, packages_select_regex=None, packages_skip_regex=None, packages_start=None, packages_end=None, allow_overriding=[], cmake_args=None, cmake_target=None, cmake_target_skip_unavailable=False, cmake_clean_cache=False, cmake_clean_first=False, cmake_force_configure=False, ament_cmake_args=None, catkin_cmake_args=None, catkin_skip_building_tests=False, verb_parser=<colcon_defaults.argument_parser.defaults.DefaultArgumentsDecorator object at 0x7fabb4e91c30>, verb_extension=<colcon_core.verb.build.BuildVerb object at 0x7fabb4e93730>, main=<bound method BuildVerb.main of <colcon_core.verb.build.BuildVerb object at 0x7fabb4e93730>>)
[0.472s] Level 1:colcon.colcon_core.package_discovery:discover_packages(colcon_meta) check parameters
[0.472s] Level 1:colcon.colcon_core.package_discovery:discover_packages(recursive) check parameters
[0.472s] Level 1:colcon.colcon_core.package_discovery:discover_packages(ignore) check parameters
[0.472s] Level 1:colcon.colcon_core.package_discovery:discover_packages(path) check parameters
[0.472s] Level 1:colcon.colcon_core.package_discovery:discover_packages(colcon_meta) discover
[0.472s] Level 1:colcon.colcon_core.package_discovery:discover_packages(recursive) discover
[0.472s] INFO:colcon.colcon_core.package_discovery:Crawling recursively for packages in '/home/sanket/bumperbot_ws'
[0.473s] Level 1:colcon.colcon_core.package_identification:_identify(.) by extensions ['ignore', 'ignore_ament_install']
[0.473s] Level 1:colcon.colcon_core.package_identification:_identify(.) by extension 'ignore'
[0.473s] Level 1:colcon.colcon_core.package_identification:_identify(.) by extension 'ignore_ament_install'
[0.473s] Level 1:colcon.colcon_core.package_identification:_identify(.) by extensions ['colcon_pkg']
[0.473s] Level 1:colcon.colcon_core.package_identification:_identify(.) by extension 'colcon_pkg'
[0.473s] Level 1:colcon.colcon_core.package_identification:_identify(.) by extensions ['colcon_meta']
[0.473s] Level 1:colcon.colcon_core.package_identification:_identify(.) by extension 'colcon_meta'
[0.473s] Level 1:colcon.colcon_core.package_identification:_identify(.) by extensions ['ros']
[0.473s] Level 1:colcon.colcon_core.package_identification:_identify(.) by extension 'ros'
[0.483s] Level 1:colcon.colcon_core.package_identification:_identify(.) by extensions ['cmake', 'python']
[0.484s] Level 1:colcon.colcon_core.package_identification:_identify(.) by extension 'cmake'
[0.484s] Level 1:colcon.colcon_core.package_identification:_identify(.) by extension 'python'
[0.484s] Level 1:colcon.colcon_core.package_identification:_identify(.) by extensions ['python_setup_py']
[0.484s] Level 1:colcon.colcon_core.package_identification:_identify(.) by extension 'python_setup_py'
[0.484s] Level 1:colcon.colcon_core.package_identification:_identify(build) by extensions ['ignore', 'ignore_ament_install']
[0.484s] Level 1:colcon.colcon_core.package_identification:_identify(build) by extension 'ignore'
[0.484s] Level 1:colcon.colcon_core.package_identification:_identify(build) ignored
[0.484s] Level 1:colcon.colcon_core.package_identification:_identify(install) by extensions ['ignore', 'ignore_ament_install']
[0.484s] Level 1:colcon.colcon_core.package_identification:_identify(install) by extension 'ignore'
[0.484s] Level 1:colcon.colcon_core.package_identification:_identify(install) ignored
[0.484s] Level 1:colcon.colcon_core.package_identification:_identify(log) by extensions ['ignore', 'ignore_ament_install']
[0.484s] Level 1:colcon.colcon_core.package_identification:_identify(log) by extension 'ignore'
[0.484s] Level 1:colcon.colcon_core.package_identification:_identify(log) ignored
[0.484s] Level 1:colcon.colcon_core.package_identification:_identify(src) by extensions ['ignore', 'ignore_ament_install']
[0.484s] Level 1:colcon.colcon_core.package_identification:_identify(src) by extension 'ignore'
[0.484s] Level 1:colcon.colcon_core.package_identification:_identify(src) by extension 'ignore_ament_install'
[0.484s] Level 1:colcon.colcon_core.package_identification:_identify(src) by extensions ['colcon_pkg']
[0.484s] Level 1:colcon.colcon_core.package_identification:_identify(src) by extension 'colcon_pkg'
[0.484s] Level 1:colcon.colcon_core.package_identification:_identify(src) by extensions ['colcon_meta']
[0.484s] Level 1:colcon.colcon_core.package_identification:_identify(src) by extension 'colcon_meta'
[0.484s] Level 1:colcon.colcon_core.package_identification:_identify(src) by extensions ['ros']
[0.484s] Level 1:colcon.colcon_core.package_identification:_identify(src) by extension 'ros'
[0.484s] Level 1:colcon.colcon_core.package_identification:_identify(src) by extensions ['cmake', 'python']
[0.484s] Level 1:colcon.colcon_core.package_identification:_identify(src) by extension 'cmake'
[0.485s] Level 1:colcon.colcon_core.package_identification:_identify(src) by extension 'python'
[0.485s] Level 1:colcon.colcon_core.package_identification:_identify(src) by extensions ['python_setup_py']
[0.485s] Level 1:colcon.colcon_core.package_identification:_identify(src) by extension 'python_setup_py'
[0.485s] Level 1:colcon.colcon_core.package_identification:_identify(src/bumperbot_controller) by extensions ['ignore', 'ignore_ament_install']
[0.485s] Level 1:colcon.colcon_core.package_identification:_identify(src/bumperbot_controller) by extension 'ignore'
[0.485s] Level 1:colcon.colcon_core.package_identification:_identify(src/bumperbot_controller) by extension 'ignore_ament_install'
[0.485s] Level 1:colcon.colcon_core.package_identification:_identify(src/bumperbot_controller) by extensions ['colcon_pkg']
[0.485s] Level 1:colcon.colcon_core.package_identification:_identify(src/bumperbot_controller) by extension 'colcon_pkg'
[0.485s] Level 1:colcon.colcon_core.package_identification:_identify(src/bumperbot_controller) by extensions ['colcon_meta']
[0.485s] Level 1:colcon.colcon_core.package_identification:_identify(src/bumperbot_controller) by extension 'colcon_meta'
[0.485s] Level 1:colcon.colcon_core.package_identification:_identify(src/bumperbot_controller) by extensions ['ros']
[0.485s] Level 1:colcon.colcon_core.package_identification:_identify(src/bumperbot_controller) by extension 'ros'
[0.487s] DEBUG:colcon.colcon_core.package_identification:Package 'src/bumperbot_controller' with type 'ros.ament_cmake' and name 'bumperbot_controller'
[0.487s] Level 1:colcon.colcon_core.package_identification:_identify(src/bumperbot_cpp_examples) by extensions ['ignore', 'ignore_ament_install']
[0.487s] Level 1:colcon.colcon_core.package_identification:_identify(src/bumperbot_cpp_examples) by extension 'ignore'
[0.487s] Level 1:colcon.colcon_core.package_identification:_identify(src/bumperbot_cpp_examples) by extension 'ignore_ament_install'
[0.487s] Level 1:colcon.colcon_core.package_identification:_identify(src/bumperbot_cpp_examples) by extensions ['colcon_pkg']
[0.487s] Level 1:colcon.colcon_core.package_identification:_identify(src/bumperbot_cpp_examples) by extension 'colcon_pkg'
[0.488s] Level 1:colcon.colcon_core.package_identification:_identify(src/bumperbot_cpp_examples) by extensions ['colcon_meta']
[0.488s] Level 1:colcon.colcon_core.package_identification:_identify(src/bumperbot_cpp_examples) by extension 'colcon_meta'
[0.488s] Level 1:colcon.colcon_core.package_identification:_identify(src/bumperbot_cpp_examples) by extensions ['ros']
[0.488s] Level 1:colcon.colcon_core.package_identification:_identify(src/bumperbot_cpp_examples) by extension 'ros'
[0.488s] DEBUG:colcon.colcon_core.package_identification:Package 'src/bumperbot_cpp_examples' with type 'ros.ament_cmake' and name 'bumperbot_cpp_examples'
[0.488s] Level 1:colcon.colcon_core.package_identification:_identify(src/bumperbot_description) by extensions ['ignore', 'ignore_ament_install']
[0.488s] Level 1:colcon.colcon_core.package_identification:_identify(src/bumperbot_description) by extension 'ignore'
[0.489s] Level 1:colcon.colcon_core.package_identification:_identify(src/bumperbot_description) by extension 'ignore_ament_install'
[0.489s] Level 1:colcon.colcon_core.package_identification:_identify(src/bumperbot_description) by extensions ['colcon_pkg']
[0.489s] Level 1:colcon.colcon_core.package_identification:_identify(src/bumperbot_description) by extension 'colcon_pkg'
[0.489s] Level 1:colcon.colcon_core.package_identification:_identify(src/bumperbot_description) by extensions ['colcon_meta']
[0.489s] Level 1:colcon.colcon_core.package_identification:_identify(src/bumperbot_description) by extension 'colcon_meta'
[0.489s] Level 1:colcon.colcon_core.package_identification:_identify(src/bumperbot_description) by extensions ['ros']
[0.489s] Level 1:colcon.colcon_core.package_identification:_identify(src/bumperbot_description) by extension 'ros'
[0.490s] DEBUG:colcon.colcon_core.package_identification:Package 'src/bumperbot_description' with type 'ros.ament_cmake' and name 'bumperbot_description'
[0.490s] Level 1:colcon.colcon_core.package_identification:_identify(src/bumperbot_py_examples) by extensions ['ignore', 'ignore_ament_install']
[0.490s] Level 1:colcon.colcon_core.package_identification:_identify(src/bumperbot_py_examples) by extension 'ignore'
[0.491s] Level 1:colcon.colcon_core.package_identification:_identify(src/bumperbot_py_examples) by extension 'ignore_ament_install'
[0.491s] Level 1:colcon.colcon_core.package_identification:_identify(src/bumperbot_py_examples) by extensions ['colcon_pkg']
[0.491s] Level 1:colcon.colcon_core.package_identification:_identify(src/bumperbot_py_examples) by extension 'colcon_pkg'
[0.491s] Level 1:colcon.colcon_core.package_identification:_identify(src/bumperbot_py_examples) by extensions ['colcon_meta']
[0.491s] Level 1:colcon.colcon_core.package_identification:_identify(src/bumperbot_py_examples) by extension 'colcon_meta'
[0.491s] Level 1:colcon.colcon_core.package_identification:_identify(src/bumperbot_py_examples) by extensions ['ros']
[0.491s] Level 1:colcon.colcon_core.package_identification:_identify(src/bumperbot_py_examples) by extension 'ros'
[0.491s] DEBUG:colcon.colcon_core.package_identification:Package 'src/bumperbot_py_examples' with type 'ros.ament_python' and name 'bumperbot_py_examples'
[0.491s] Level 1:colcon.colcon_core.package_discovery:discover_packages(recursive) using defaults
[0.491s] Level 1:colcon.colcon_core.package_discovery:discover_packages(ignore) discover
[0.491s] Level 1:colcon.colcon_core.package_discovery:discover_packages(ignore) using defaults
[0.491s] Level 1:colcon.colcon_core.package_discovery:discover_packages(path) discover
[0.491s] Level 1:colcon.colcon_core.package_discovery:discover_packages(path) using defaults
[0.514s] Level 1:colcon.colcon_core.package_discovery:discover_packages(prefix_path) check parameters
[0.514s] Level 1:colcon.colcon_core.package_discovery:discover_packages(prefix_path) discover
[0.518s] DEBUG:colcon.colcon_installed_package_information.package_discovery:Found 2 installed packages in /home/sanket/ros2_ws/install
[0.520s] DEBUG:colcon.colcon_installed_package_information.package_discovery:Found 4 installed packages in /home/sanket/robot_ws/install
[0.522s] DEBUG:colcon.colcon_installed_package_information.package_discovery:Found 534 installed packages in /opt/ros/humble
[0.524s] Level 1:colcon.colcon_core.package_discovery:discover_packages(prefix_path) using defaults
[0.604s] Level 5:colcon.colcon_core.verb:set package 'bumperbot_controller' build argument 'cmake_args' from command line to 'None'
[0.604s] Level 5:colcon.colcon_core.verb:set package 'bumperbot_controller' build argument 'cmake_target' from command line to 'None'
[0.604s] Level 5:colcon.colcon_core.verb:set package 'bumperbot_controller' build argument 'cmake_target_skip_unavailable' from command line to 'False'
[0.604s] Level 5:colcon.colcon_core.verb:set package 'bumperbot_controller' build argument 'cmake_clean_cache' from command line to 'False'
[0.604s] Level 5:colcon.colcon_core.verb:set package 'bumperbot_controller' build argument 'cmake_clean_first' from command line to 'False'
[0.604s] Level 5:colcon.colcon_core.verb:set package 'bumperbot_controller' build argument 'cmake_force_configure' from command line to 'False'
[0.604s] Level 5:colcon.colcon_core.verb:set package 'bumperbot_controller' build argument 'ament_cmake_args' from command line to 'None'
[0.604s] Level 5:colcon.colcon_core.verb:set package 'bumperbot_controller' build argument 'catkin_cmake_args' from command line to 'None'
[0.604s] Level 5:colcon.colcon_core.verb:set package 'bumperbot_controller' build argument 'catkin_skip_building_tests' from command line to 'False'
[0.604s] DEBUG:colcon.colcon_core.verb:Building package 'bumperbot_controller' with the following arguments: {'ament_cmake_args': None, 'build_base': '/home/sanket/bumperbot_ws/build/bumperbot_controller', 'catkin_cmake_args': None, 'catkin_skip_building_tests': False, 'cmake_args': None, 'cmake_clean_cache': False, 'cmake_clean_first': False, 'cmake_force_configure': False, 'cmake_target': None, 'cmake_target_skip_unavailable': False, 'install_base': '/home/sanket/bumperbot_ws/install/bumperbot_controller', 'merge_install': False, 'path': '/home/sanket/bumperbot_ws/src/bumperbot_controller', 'symlink_install': False, 'test_result_base': None}
[0.604s] Level 5:colcon.colcon_core.verb:set package 'bumperbot_cpp_examples' build argument 'cmake_args' from command line to 'None'
[0.604s] Level 5:colcon.colcon_core.verb:set package 'bumperbot_cpp_examples' build argument 'cmake_target' from command line to 'None'
[0.604s] Level 5:colcon.colcon_core.verb:set package 'bumperbot_cpp_examples' build argument 'cmake_target_skip_unavailable' from command line to 'False'
[0.604s] Level 5:colcon.colcon_core.verb:set package 'bumperbot_cpp_examples' build argument 'cmake_clean_cache' from command line to 'False'
[0.604s] Level 5:colcon.colcon_core.verb:set package 'bumperbot_cpp_examples' build argument 'cmake_clean_first' from command line to 'False'
[0.604s] Level 5:colcon.colcon_core.verb:set package 'bumperbot_cpp_examples' build argument 'cmake_force_configure' from command line to 'False'
[0.604s] Level 5:colcon.colcon_core.verb:set package 'bumperbot_cpp_examples' build argument 'ament_cmake_args' from command line to 'None'
[0.604s] Level 5:colcon.colcon_core.verb:set package 'bumperbot_cpp_examples' build argument 'catkin_cmake_args' from command line to 'None'
[0.604s] Level 5:colcon.colcon_core.verb:set package 'bumperbot_cpp_examples' build argument 'catkin_skip_building_tests' from command line to 'False'
[0.604s] DEBUG:colcon.colcon_core.verb:Building package 'bumperbot_cpp_examples' with the following arguments: {'ament_cmake_args': None, 'build_base': '/home/sanket/bumperbot_ws/build/bumperbot_cpp_examples', 'catkin_cmake_args': None, 'catkin_skip_building_tests': False, 'cmake_args': None, 'cmake_clean_cache': False, 'cmake_clean_first': False, 'cmake_force_configure': False, 'cmake_target': None, 'cmake_target_skip_unavailable': False, 'install_base': '/home/sanket/bumperbot_ws/install/bumperbot_cpp_examples', 'merge_install': False, 'path': '/home/sanket/bumperbot_ws/src/bumperbot_cpp_examples', 'symlink_install': False, 'test_result_base': None}
[0.604s] Level 5:colcon.colcon_core.verb:set package 'bumperbot_description' build argument 'cmake_args' from command line to 'None'
[0.604s] Level 5:colcon.colcon_core.verb:set package 'bumperbot_description' build argument 'cmake_target' from command line to 'None'
[0.604s] Level 5:colcon.colcon_core.verb:set package 'bumperbot_description' build argument 'cmake_target_skip_unavailable' from command line to 'False'
[0.604s] Level 5:colcon.colcon_core.verb:set package 'bumperbot_description' build argument 'cmake_clean_cache' from command line to 'False'
[0.604s] Level 5:colcon.colcon_core.verb:set package 'bumperbot_description' build argument 'cmake_clean_first' from command line to 'False'
[0.604s] Level 5:colcon.colcon_core.verb:set package 'bumperbot_description' build argument 'cmake_force_configure' from command line to 'False'
[0.604s] Level 5:colcon.colcon_core.verb:set package 'bumperbot_description' build argument 'ament_cmake_args' from command line to 'None'
[0.604s] Level 5:colcon.colcon_core.verb:set package 'bumperbot_description' build argument 'catkin_cmake_args' from command line to 'None'
[0.604s] Level 5:colcon.colcon_core.verb:set package 'bumperbot_description' build argument 'catkin_skip_building_tests' from command line to 'False'
[0.604s] DEBUG:colcon.colcon_core.verb:Building package 'bumperbot_description' with the following arguments: {'ament_cmake_args': None, 'build_base': '/home/sanket/bumperbot_ws/build/bumperbot_description', 'catkin_cmake_args': None, 'catkin_skip_building_tests': False, 'cmake_args': None, 'cmake_clean_cache': False, 'cmake_clean_first': False, 'cmake_force_configure': False, 'cmake_target': None, 'cmake_target_skip_unavailable': False, 'install_base': '/home/sanket/bumperbot_ws/install/bumperbot_description', 'merge_install': False, 'path': '/home/sanket/bumperbot_ws/src/bumperbot_description', 'symlink_install': False, 'test_result_base': None}
[0.605s] Level 5:colcon.colcon_core.verb:set package 'bumperbot_py_examples' build argument 'cmake_args' from command line to 'None'
[0.605s] Level 5:colcon.colcon_core.verb:set package 'bumperbot_py_examples' build argument 'cmake_target' from command line to 'None'
[0.605s] Level 5:colcon.colcon_core.verb:set package 'bumperbot_py_examples' build argument 'cmake_target_skip_unavailable' from command line to 'False'
[0.605s] Level 5:colcon.colcon_core.verb:set package 'bumperbot_py_examples' build argument 'cmake_clean_cache' from command line to 'False'
[0.605s] Level 5:colcon.colcon_core.verb:set package 'bumperbot_py_examples' build argument 'cmake_clean_first' from command line to 'False'
[0.605s] Level 5:colcon.colcon_core.verb:set package 'bumperbot_py_examples' build argument 'cmake_force_configure' from command line to 'False'
[0.605s] Level 5:colcon.colcon_core.verb:set package 'bumperbot_py_examples' build argument 'ament_cmake_args' from command line to 'None'
[0.605s] Level 5:colcon.colcon_core.verb:set package 'bumperbot_py_examples' build argument 'catkin_cmake_args' from command line to 'None'
[0.605s] Level 5:colcon.colcon_core.verb:set package 'bumperbot_py_examples' build argument 'catkin_skip_building_tests' from command line to 'False'
[0.605s] DEBUG:colcon.colcon_core.verb:Building package 'bumperbot_py_examples' with the following arguments: {'ament_cmake_args': None, 'build_base': '/home/sanket/bumperbot_ws/build/bumperbot_py_examples', 'catkin_cmake_args': None, 'catkin_skip_building_tests': False, 'cmake_args': None, 'cmake_clean_cache': False, 'cmake_clean_first': False, 'cmake_force_configure': False, 'cmake_target': None, 'cmake_target_skip_unavailable': False, 'install_base': '/home/sanket/bumperbot_ws/install/bumperbot_py_examples', 'merge_install': False, 'path': '/home/sanket/bumperbot_ws/src/bumperbot_py_examples', 'symlink_install': False, 'test_result_base': None}
[0.605s] INFO:colcon.colcon_core.executor:Executing jobs using 'parallel' executor
[0.606s] DEBUG:colcon.colcon_parallel_executor.executor.parallel:run_until_complete
[0.606s] INFO:colcon.colcon_ros.task.ament_cmake.build:Building ROS package in '/home/sanket/bumperbot_ws/src/bumperbot_controller' with build type 'ament_cmake'
[0.606s] INFO:colcon.colcon_cmake.task.cmake.build:Building CMake package in '/home/sanket/bumperbot_ws/src/bumperbot_controller'
[0.609s] INFO:colcon.colcon_core.plugin_system:Skipping extension 'colcon_core.shell.bat': Not used on non-Windows systems
[0.609s] INFO:colcon.colcon_core.shell:Skip shell extension 'powershell' for command environment: Not usable outside of PowerShell
[0.609s] DEBUG:colcon.colcon_core.shell:Skip shell extension 'dsv' for command environment
[0.612s] INFO:colcon.colcon_ros.task.ament_cmake.build:Building ROS package in '/home/sanket/bumperbot_ws/src/bumperbot_cpp_examples' with build type 'ament_cmake'
[0.612s] INFO:colcon.colcon_cmake.task.cmake.build:Building CMake package in '/home/sanket/bumperbot_ws/src/bumperbot_cpp_examples'
[0.612s] INFO:colcon.colcon_core.shell:Skip shell extension 'powershell' for command environment: Not usable outside of PowerShell
[0.612s] DEBUG:colcon.colcon_core.shell:Skip shell extension 'dsv' for command environment
[0.615s] INFO:colcon.colcon_ros.task.ament_cmake.build:Building ROS package in '/home/sanket/bumperbot_ws/src/bumperbot_description' with build type 'ament_cmake'
[0.615s] INFO:colcon.colcon_cmake.task.cmake.build:Building CMake package in '/home/sanket/bumperbot_ws/src/bumperbot_description'
[0.615s] INFO:colcon.colcon_core.shell:Skip shell extension 'powershell' for command environment: Not usable outside of PowerShell
[0.615s] DEBUG:colcon.colcon_core.shell:Skip shell extension 'dsv' for command environment
[0.618s] INFO:colcon.colcon_ros.task.ament_python.build:Building ROS package in '/home/sanket/bumperbot_ws/src/bumperbot_py_examples' with build type 'ament_python'
[0.618s] Level 1:colcon.colcon_core.shell:create_environment_hook('bumperbot_py_examples', 'ament_prefix_path')
[0.618s] INFO:colcon.colcon_core.shell:Creating environment hook '/home/sanket/bumperbot_ws/install/bumperbot_py_examples/share/bumperbot_py_examples/hook/ament_prefix_path.ps1'
[0.619s] INFO:colcon.colcon_core.shell:Creating environment descriptor '/home/sanket/bumperbot_ws/install/bumperbot_py_examples/share/bumperbot_py_examples/hook/ament_prefix_path.dsv'
[0.619s] INFO:colcon.colcon_core.shell:Creating environment hook '/home/sanket/bumperbot_ws/install/bumperbot_py_examples/share/bumperbot_py_examples/hook/ament_prefix_path.sh'
[0.620s] INFO:colcon.colcon_core.shell:Skip shell extension 'powershell' for command environment: Not usable outside of PowerShell
[0.620s] DEBUG:colcon.colcon_core.shell:Skip shell extension 'dsv' for command environment
[0.626s] DEBUG:colcon.colcon_core.event_handler.log_command:Invoking command in '/home/sanket/bumperbot_ws/build/bumperbot_controller': CMAKE_PREFIX_PATH=${CMAKE_PREFIX_PATH}:/home/sanket/ros2_ws/install/my_robot_controller:/home/sanket/robot_ws/install/robot_navigation:/home/sanket/robot_ws/install/robot_motor_control:/home/sanket/robot_ws/install/robot_lidar:/opt/ros/humble /usr/bin/cmake --build /home/sanket/bumperbot_ws/build/bumperbot_controller -- -j12 -l12
[0.630s] DEBUG:colcon.colcon_core.event_handler.log_command:Invoking command in '/home/sanket/bumperbot_ws/build/bumperbot_cpp_examples': CMAKE_PREFIX_PATH=${CMAKE_PREFIX_PATH}:/home/sanket/ros2_ws/install/my_robot_controller:/home/sanket/robot_ws/install/robot_navigation:/home/sanket/robot_ws/install/robot_motor_control:/home/sanket/robot_ws/install/robot_lidar:/opt/ros/humble /usr/bin/cmake --build /home/sanket/bumperbot_ws/build/bumperbot_cpp_examples -- -j12 -l12
[0.632s] DEBUG:colcon.colcon_core.event_handler.log_command:Invoking command in '/home/sanket/bumperbot_ws/build/bumperbot_description': CMAKE_PREFIX_PATH=${CMAKE_PREFIX_PATH}:/home/sanket/ros2_ws/install/my_robot_controller:/home/sanket/robot_ws/install/robot_navigation:/home/sanket/robot_ws/install/robot_motor_control:/home/sanket/robot_ws/install/robot_lidar:/opt/ros/humble /usr/bin/cmake --build /home/sanket/bumperbot_ws/build/bumperbot_description -- -j12 -l12
[0.871s] INFO:colcon.colcon_core.task.python.build:Building Python package in '/home/sanket/bumperbot_ws/src/bumperbot_py_examples'
[0.872s] INFO:colcon.colcon_core.shell:Skip shell extension 'powershell' for command environment: Not usable outside of PowerShell
[0.872s] DEBUG:colcon.colcon_core.shell:Skip shell extension 'dsv' for command environment
[0.878s] DEBUG:colcon.colcon_core.event_handler.log_command:Invoked command in '/home/sanket/bumperbot_ws/build/bumperbot_controller' returned '0': CMAKE_PREFIX_PATH=${CMAKE_PREFIX_PATH}:/home/sanket/ros2_ws/install/my_robot_controller:/home/sanket/robot_ws/install/robot_navigation:/home/sanket/robot_ws/install/robot_motor_control:/home/sanket/robot_ws/install/robot_lidar:/opt/ros/humble /usr/bin/cmake --build /home/sanket/bumperbot_ws/build/bumperbot_controller -- -j12 -l12
[0.885s] DEBUG:colcon.colcon_core.event_handler.log_command:Invoking command in '/home/sanket/bumperbot_ws/build/bumperbot_controller': CMAKE_PREFIX_PATH=${CMAKE_PREFIX_PATH}:/home/sanket/ros2_ws/install/my_robot_controller:/home/sanket/robot_ws/install/robot_navigation:/home/sanket/robot_ws/install/robot_motor_control:/home/sanket/robot_ws/install/robot_lidar:/opt/ros/humble /usr/bin/cmake --install /home/sanket/bumperbot_ws/build/bumperbot_controller
[0.886s] DEBUG:colcon.colcon_core.event_handler.log_command:Invoked command in '/home/sanket/bumperbot_ws/build/bumperbot_description' returned '0': CMAKE_PREFIX_PATH=${CMAKE_PREFIX_PATH}:/home/sanket/ros2_ws/install/my_robot_controller:/home/sanket/robot_ws/install/robot_navigation:/home/sanket/robot_ws/install/robot_motor_control:/home/sanket/robot_ws/install/robot_lidar:/opt/ros/humble /usr/bin/cmake --build /home/sanket/bumperbot_ws/build/bumperbot_description -- -j12 -l12
[0.887s] DEBUG:colcon.colcon_core.event_handler.log_command:Invoking command in '/home/sanket/bumperbot_ws/build/bumperbot_description': CMAKE_PREFIX_PATH=${CMAKE_PREFIX_PATH}:/home/sanket/ros2_ws/install/my_robot_controller:/home/sanket/robot_ws/install/robot_navigation:/home/sanket/robot_ws/install/robot_motor_control:/home/sanket/robot_ws/install/robot_lidar:/opt/ros/humble /usr/bin/cmake --install /home/sanket/bumperbot_ws/build/bumperbot_description
[0.894s] Level 1:colcon.colcon_core.environment:create_environment_scripts_only(bumperbot_controller)
[0.895s] DEBUG:colcon.colcon_core.event_handler.log_command:Invoked command in '/home/sanket/bumperbot_ws/build/bumperbot_controller' returned '0': CMAKE_PREFIX_PATH=${CMAKE_PREFIX_PATH}:/home/sanket/ros2_ws/install/my_robot_controller:/home/sanket/robot_ws/install/robot_navigation:/home/sanket/robot_ws/install/robot_motor_control:/home/sanket/robot_ws/install/robot_lidar:/opt/ros/humble /usr/bin/cmake --install /home/sanket/bumperbot_ws/build/bumperbot_controller
[0.900s] Level 1:colcon.colcon_core.environment:checking '/home/sanket/bumperbot_ws/install/bumperbot_controller' for CMake module files
[0.900s] Level 1:colcon.colcon_core.environment:checking '/home/sanket/bumperbot_ws/install/bumperbot_controller' for CMake config files
[0.900s] Level 1:colcon.colcon_core.shell:create_environment_hook('bumperbot_controller', 'cmake_prefix_path')
[0.901s] INFO:colcon.colcon_core.shell:Creating environment hook '/home/sanket/bumperbot_ws/install/bumperbot_controller/share/bumperbot_controller/hook/cmake_prefix_path.ps1'
[0.901s] INFO:colcon.colcon_core.shell:Creating environment descriptor '/home/sanket/bumperbot_ws/install/bumperbot_controller/share/bumperbot_controller/hook/cmake_prefix_path.dsv'
[0.901s] INFO:colcon.colcon_core.shell:Creating environment hook '/home/sanket/bumperbot_ws/install/bumperbot_controller/share/bumperbot_controller/hook/cmake_prefix_path.sh'
[0.902s] Level 1:colcon.colcon_core.environment:checking '/home/sanket/bumperbot_ws/install/bumperbot_controller/bin'
[0.902s] Level 1:colcon.colcon_core.environment:checking '/home/sanket/bumperbot_ws/install/bumperbot_controller/lib/pkgconfig/bumperbot_controller.pc'
[0.902s] Level 1:colcon.colcon_core.environment:checking '/home/sanket/bumperbot_ws/install/bumperbot_controller/lib/python3.10/site-packages'
[0.903s] Level 1:colcon.colcon_core.environment:checking '/home/sanket/bumperbot_ws/install/bumperbot_controller/bin'
[0.903s] INFO:colcon.colcon_core.shell:Creating package script '/home/sanket/bumperbot_ws/install/bumperbot_controller/share/bumperbot_controller/package.ps1'
[0.904s] INFO:colcon.colcon_core.shell:Creating package descriptor '/home/sanket/bumperbot_ws/install/bumperbot_controller/share/bumperbot_controller/package.dsv'
[0.904s] INFO:colcon.colcon_core.shell:Creating package script '/home/sanket/bumperbot_ws/install/bumperbot_controller/share/bumperbot_controller/package.sh'
[0.905s] INFO:colcon.colcon_core.shell:Creating package script '/home/sanket/bumperbot_ws/install/bumperbot_controller/share/bumperbot_controller/package.bash'
[0.907s] INFO:colcon.colcon_core.shell:Creating package script '/home/sanket/bumperbot_ws/install/bumperbot_controller/share/bumperbot_controller/package.zsh'
[0.907s] Level 1:colcon.colcon_core.environment:create_file_with_runtime_dependencies(/home/sanket/bumperbot_ws/install/bumperbot_controller/share/colcon-core/packages/bumperbot_controller)
[0.908s] Level 1:colcon.colcon_core.environment:create_environment_scripts_only(bumperbot_controller)
[0.908s] Level 1:colcon.colcon_core.environment:checking '/home/sanket/bumperbot_ws/install/bumperbot_controller' for CMake module files
[0.909s] Level 1:colcon.colcon_core.environment:checking '/home/sanket/bumperbot_ws/install/bumperbot_controller' for CMake config files
[0.909s] Level 1:colcon.colcon_core.shell:create_environment_hook('bumperbot_controller', 'cmake_prefix_path')
[0.909s] INFO:colcon.colcon_core.shell:Creating environment hook '/home/sanket/bumperbot_ws/install/bumperbot_controller/share/bumperbot_controller/hook/cmake_prefix_path.ps1'
[0.909s] INFO:colcon.colcon_core.shell:Creating environment descriptor '/home/sanket/bumperbot_ws/install/bumperbot_controller/share/bumperbot_controller/hook/cmake_prefix_path.dsv'
[0.910s] INFO:colcon.colcon_core.shell:Creating environment hook '/home/sanket/bumperbot_ws/install/bumperbot_controller/share/bumperbot_controller/hook/cmake_prefix_path.sh'
[0.910s] Level 1:colcon.colcon_core.environment:checking '/home/sanket/bumperbot_ws/install/bumperbot_controller/bin'
[0.910s] Level 1:colcon.colcon_core.environment:checking '/home/sanket/bumperbot_ws/install/bumperbot_controller/lib/pkgconfig/bumperbot_controller.pc'
[0.910s] Level 1:colcon.colcon_core.environment:checking '/home/sanket/bumperbot_ws/install/bumperbot_controller/lib/python3.10/site-packages'
[0.911s] Level 1:colcon.colcon_core.environment:checking '/home/sanket/bumperbot_ws/install/bumperbot_controller/bin'
[0.911s] INFO:colcon.colcon_core.shell:Creating package script '/home/sanket/bumperbot_ws/install/bumperbot_controller/share/bumperbot_controller/package.ps1'
[0.911s] INFO:colcon.colcon_core.shell:Creating package descriptor '/home/sanket/bumperbot_ws/install/bumperbot_controller/share/bumperbot_controller/package.dsv'
[0.912s] INFO:colcon.colcon_core.shell:Creating package script '/home/sanket/bumperbot_ws/install/bumperbot_controller/share/bumperbot_controller/package.sh'
[0.912s] INFO:colcon.colcon_core.shell:Creating package script '/home/sanket/bumperbot_ws/install/bumperbot_controller/share/bumperbot_controller/package.bash'
[0.913s] INFO:colcon.colcon_core.shell:Creating package script '/home/sanket/bumperbot_ws/install/bumperbot_controller/share/bumperbot_controller/package.zsh'
[0.913s] Level 1:colcon.colcon_core.environment:create_file_with_runtime_dependencies(/home/sanket/bumperbot_ws/install/bumperbot_controller/share/colcon-core/packages/bumperbot_controller)
[0.913s] Level 1:colcon.colcon_core.environment:create_environment_scripts_only(bumperbot_description)
[0.914s] Level 1:colcon.colcon_core.environment:checking '/home/sanket/bumperbot_ws/install/bumperbot_description' for CMake module files
[0.914s] DEBUG:colcon.colcon_core.event_handler.log_command:Invoked command in '/home/sanket/bumperbot_ws/build/bumperbot_description' returned '0': CMAKE_PREFIX_PATH=${CMAKE_PREFIX_PATH}:/home/sanket/ros2_ws/install/my_robot_controller:/home/sanket/robot_ws/install/robot_navigation:/home/sanket/robot_ws/install/robot_motor_control:/home/sanket/robot_ws/install/robot_lidar:/opt/ros/humble /usr/bin/cmake --install /home/sanket/bumperbot_ws/build/bumperbot_description
[0.915s] Level 1:colcon.colcon_core.environment:checking '/home/sanket/bumperbot_ws/install/bumperbot_description' for CMake config files
[0.915s] Level 1:colcon.colcon_core.shell:create_environment_hook('bumperbot_description', 'cmake_prefix_path')
[0.915s] INFO:colcon.colcon_core.shell:Creating environment hook '/home/sanket/bumperbot_ws/install/bumperbot_description/share/bumperbot_description/hook/cmake_prefix_path.ps1'
[0.915s] INFO:colcon.colcon_core.shell:Creating environment descriptor '/home/sanket/bumperbot_ws/install/bumperbot_description/share/bumperbot_description/hook/cmake_prefix_path.dsv'
[0.916s] INFO:colcon.colcon_core.shell:Creating environment hook '/home/sanket/bumperbot_ws/install/bumperbot_description/share/bumperbot_description/hook/cmake_prefix_path.sh'
[0.916s] Level 1:colcon.colcon_core.environment:checking '/home/sanket/bumperbot_ws/install/bumperbot_description/bin'
[0.916s] Level 1:colcon.colcon_core.environment:checking '/home/sanket/bumperbot_ws/install/bumperbot_description/lib/pkgconfig/bumperbot_description.pc'
[0.916s] Level 1:colcon.colcon_core.environment:checking '/home/sanket/bumperbot_ws/install/bumperbot_description/lib/python3.10/site-packages'
[0.917s] Level 1:colcon.colcon_core.environment:checking '/home/sanket/bumperbot_ws/install/bumperbot_description/bin'
[0.917s] INFO:colcon.colcon_core.shell:Creating package script '/home/sanket/bumperbot_ws/install/bumperbot_description/share/bumperbot_description/package.ps1'
[0.917s] INFO:colcon.colcon_core.shell:Creating package descriptor '/home/sanket/bumperbot_ws/install/bumperbot_description/share/bumperbot_description/package.dsv'
[0.918s] INFO:colcon.colcon_core.shell:Creating package script '/home/sanket/bumperbot_ws/install/bumperbot_description/share/bumperbot_description/package.sh'
[0.918s] INFO:colcon.colcon_core.shell:Creating package script '/home/sanket/bumperbot_ws/install/bumperbot_description/share/bumperbot_description/package.bash'
[0.918s] INFO:colcon.colcon_core.shell:Creating package script '/home/sanket/bumperbot_ws/install/bumperbot_description/share/bumperbot_description/package.zsh'
[0.919s] Level 1:colcon.colcon_core.environment:create_file_with_runtime_dependencies(/home/sanket/bumperbot_ws/install/bumperbot_description/share/colcon-core/packages/bumperbot_description)
[0.919s] Level 1:colcon.colcon_core.environment:create_environment_scripts_only(bumperbot_description)
[0.919s] Level 1:colcon.colcon_core.environment:checking '/home/sanket/bumperbot_ws/install/bumperbot_description' for CMake module files
[0.920s] Level 1:colcon.colcon_core.environment:checking '/home/sanket/bumperbot_ws/install/bumperbot_description' for CMake config files
[0.920s] Level 1:colcon.colcon_core.shell:create_environment_hook('bumperbot_description', 'cmake_prefix_path')
[0.920s] INFO:colcon.colcon_core.shell:Creating environment hook '/home/sanket/bumperbot_ws/install/bumperbot_description/share/bumperbot_description/hook/cmake_prefix_path.ps1'
[0.920s] INFO:colcon.colcon_core.shell:Creating environment descriptor '/home/sanket/bumperbot_ws/install/bumperbot_description/share/bumperbot_description/hook/cmake_prefix_path.dsv'
[0.921s] INFO:colcon.colcon_core.shell:Creating environment hook '/home/sanket/bumperbot_ws/install/bumperbot_description/share/bumperbot_description/hook/cmake_prefix_path.sh'
[0.921s] Level 1:colcon.colcon_core.environment:checking '/home/sanket/bumperbot_ws/install/bumperbot_description/bin'
[0.921s] Level 1:colcon.colcon_core.environment:checking '/home/sanket/bumperbot_ws/install/bumperbot_description/lib/pkgconfig/bumperbot_description.pc'
[0.921s] Level 1:colcon.colcon_core.environment:checking '/home/sanket/bumperbot_ws/install/bumperbot_description/lib/python3.10/site-packages'
[0.921s] Level 1:colcon.colcon_core.environment:checking '/home/sanket/bumperbot_ws/install/bumperbot_description/bin'
[0.922s] INFO:colcon.colcon_core.shell:Creating package script '/home/sanket/bumperbot_ws/install/bumperbot_description/share/bumperbot_description/package.ps1'
[0.922s] INFO:colcon.colcon_core.shell:Creating package descriptor '/home/sanket/bumperbot_ws/install/bumperbot_description/share/bumperbot_description/package.dsv'
[0.922s] INFO:colcon.colcon_core.shell:Creating package script '/home/sanket/bumperbot_ws/install/bumperbot_description/share/bumperbot_description/package.sh'
[0.923s] INFO:colcon.colcon_core.shell:Creating package script '/home/sanket/bumperbot_ws/install/bumperbot_description/share/bumperbot_description/package.bash'
[0.923s] INFO:colcon.colcon_core.shell:Creating package script '/home/sanket/bumperbot_ws/install/bumperbot_description/share/bumperbot_description/package.zsh'
[0.923s] Level 1:colcon.colcon_core.environment:create_file_with_runtime_dependencies(/home/sanket/bumperbot_ws/install/bumperbot_description/share/colcon-core/packages/bumperbot_description)
[1.264s] DEBUG:colcon.colcon_core.event_handler.log_command:Invoking command in '/home/sanket/bumperbot_ws/src/bumperbot_py_examples': PYTHONPATH=/home/sanket/bumperbot_ws/build/bumperbot_py_examples/prefix_override:/usr/lib/python3/dist-packages/colcon_core/task/python/colcon_distutils_commands:/home/sanket/bumperbot_ws/install/bumperbot_py_examples/lib/python3.10/site-packages:${PYTHONPATH} /usr/bin/python3 -W ignore:setup.py install is deprecated -W ignore:easy_install command is deprecated setup.py egg_info --egg-base ../../build/bumperbot_py_examples build --build-base /home/sanket/bumperbot_ws/build/bumperbot_py_examples/build install --record /home/sanket/bumperbot_ws/build/bumperbot_py_examples/install.log --single-version-externally-managed install_data
[1.523s] Level 1:colcon.colcon_core.environment:checking '/home/sanket/bumperbot_ws/install/bumperbot_py_examples' for CMake module files
[1.524s] DEBUG:colcon.colcon_core.event_handler.log_command:Invoked command in '/home/sanket/bumperbot_ws/src/bumperbot_py_examples' returned '0': PYTHONPATH=/home/sanket/bumperbot_ws/build/bumperbot_py_examples/prefix_override:/usr/lib/python3/dist-packages/colcon_core/task/python/colcon_distutils_commands:/home/sanket/bumperbot_ws/install/bumperbot_py_examples/lib/python3.10/site-packages:${PYTHONPATH} /usr/bin/python3 -W ignore:setup.py install is deprecated -W ignore:easy_install command is deprecated setup.py egg_info --egg-base ../../build/bumperbot_py_examples build --build-base /home/sanket/bumperbot_ws/build/bumperbot_py_examples/build install --record /home/sanket/bumperbot_ws/build/bumperbot_py_examples/install.log --single-version-externally-managed install_data
[1.524s] Level 1:colcon.colcon_core.environment:checking '/home/sanket/bumperbot_ws/install/bumperbot_py_examples' for CMake config files
[1.524s] Level 1:colcon.colcon_core.environment:checking '/home/sanket/bumperbot_ws/install/bumperbot_py_examples/lib'
[1.525s] Level 1:colcon.colcon_core.environment:checking '/home/sanket/bumperbot_ws/install/bumperbot_py_examples/bin'
[1.525s] Level 1:colcon.colcon_core.environment:checking '/home/sanket/bumperbot_ws/install/bumperbot_py_examples/lib/pkgconfig/bumperbot_py_examples.pc'
[1.525s] Level 1:colcon.colcon_core.environment:checking '/home/sanket/bumperbot_ws/install/bumperbot_py_examples/lib/python3.10/site-packages'
[1.525s] Level 1:colcon.colcon_core.shell:create_environment_hook('bumperbot_py_examples', 'pythonpath')
[1.525s] INFO:colcon.colcon_core.shell:Creating environment hook '/home/sanket/bumperbot_ws/install/bumperbot_py_examples/share/bumperbot_py_examples/hook/pythonpath.ps1'
[1.525s] INFO:colcon.colcon_core.shell:Creating environment descriptor '/home/sanket/bumperbot_ws/install/bumperbot_py_examples/share/bumperbot_py_examples/hook/pythonpath.dsv'
[1.526s] INFO:colcon.colcon_core.shell:Creating environment hook '/home/sanket/bumperbot_ws/install/bumperbot_py_examples/share/bumperbot_py_examples/hook/pythonpath.sh'
[1.526s] Level 1:colcon.colcon_core.environment:checking '/home/sanket/bumperbot_ws/install/bumperbot_py_examples/bin'
[1.526s] Level 1:colcon.colcon_core.environment:create_environment_scripts_only(bumperbot_py_examples)
[1.526s] INFO:colcon.colcon_core.shell:Creating package script '/home/sanket/bumperbot_ws/install/bumperbot_py_examples/share/bumperbot_py_examples/package.ps1'
[1.527s] INFO:colcon.colcon_core.shell:Creating package descriptor '/home/sanket/bumperbot_ws/install/bumperbot_py_examples/share/bumperbot_py_examples/package.dsv'
[1.527s] INFO:colcon.colcon_core.shell:Creating package script '/home/sanket/bumperbot_ws/install/bumperbot_py_examples/share/bumperbot_py_examples/package.sh'
[1.527s] INFO:colcon.colcon_core.shell:Creating package script '/home/sanket/bumperbot_ws/install/bumperbot_py_examples/share/bumperbot_py_examples/package.bash'
[1.527s] INFO:colcon.colcon_core.shell:Creating package script '/home/sanket/bumperbot_ws/install/bumperbot_py_examples/share/bumperbot_py_examples/package.zsh'
[1.528s] Level 1:colcon.colcon_core.environment:create_file_with_runtime_dependencies(/home/sanket/bumperbot_ws/install/bumperbot_py_examples/share/colcon-core/packages/bumperbot_py_examples)
[6.389s] DEBUG:colcon.colcon_core.event_handler.log_command:Invoked command in '/home/sanket/bumperbot_ws/build/bumperbot_cpp_examples' returned '0': CMAKE_PREFIX_PATH=${CMAKE_PREFIX_PATH}:/home/sanket/ros2_ws/install/my_robot_controller:/home/sanket/robot_ws/install/robot_navigation:/home/sanket/robot_ws/install/robot_motor_control:/home/sanket/robot_ws/install/robot_lidar:/opt/ros/humble /usr/bin/cmake --build /home/sanket/bumperbot_ws/build/bumperbot_cpp_examples -- -j12 -l12
[6.390s] DEBUG:colcon.colcon_core.event_handler.log_command:Invoking command in '/home/sanket/bumperbot_ws/build/bumperbot_cpp_examples': CMAKE_PREFIX_PATH=${CMAKE_PREFIX_PATH}:/home/sanket/ros2_ws/install/my_robot_controller:/home/sanket/robot_ws/install/robot_navigation:/home/sanket/robot_ws/install/robot_motor_control:/home/sanket/robot_ws/install/robot_lidar:/opt/ros/humble /usr/bin/cmake --install /home/sanket/bumperbot_ws/build/bumperbot_cpp_examples
[6.402s] Level 1:colcon.colcon_core.environment:create_environment_scripts_only(bumperbot_cpp_examples)
[6.402s] Level 1:colcon.colcon_core.environment:checking '/home/sanket/bumperbot_ws/install/bumperbot_cpp_examples' for CMake module files
[6.402s] DEBUG:colcon.colcon_core.event_handler.log_command:Invoked command in '/home/sanket/bumperbot_ws/build/bumperbot_cpp_examples' returned '0': CMAKE_PREFIX_PATH=${CMAKE_PREFIX_PATH}:/home/sanket/ros2_ws/install/my_robot_controller:/home/sanket/robot_ws/install/robot_navigation:/home/sanket/robot_ws/install/robot_motor_control:/home/sanket/robot_ws/install/robot_lidar:/opt/ros/humble /usr/bin/cmake --install /home/sanket/bumperbot_ws/build/bumperbot_cpp_examples
[6.402s] Level 1:colcon.colcon_core.environment:checking '/home/sanket/bumperbot_ws/install/bumperbot_cpp_examples' for CMake config files
[6.403s] Level 1:colcon.colcon_core.shell:create_environment_hook('bumperbot_cpp_examples', 'cmake_prefix_path')
[6.403s] INFO:colcon.colcon_core.shell:Creating environment hook '/home/sanket/bumperbot_ws/install/bumperbot_cpp_examples/share/bumperbot_cpp_examples/hook/cmake_prefix_path.ps1'
[6.403s] INFO:colcon.colcon_core.shell:Creating environment descriptor '/home/sanket/bumperbot_ws/install/bumperbot_cpp_examples/share/bumperbot_cpp_examples/hook/cmake_prefix_path.dsv'
[6.404s] INFO:colcon.colcon_core.shell:Creating environment hook '/home/sanket/bumperbot_ws/install/bumperbot_cpp_examples/share/bumperbot_cpp_examples/hook/cmake_prefix_path.sh'
[6.404s] Level 1:colcon.colcon_core.environment:checking '/home/sanket/bumperbot_ws/install/bumperbot_cpp_examples/lib'
[6.404s] Level 1:colcon.colcon_core.environment:checking '/home/sanket/bumperbot_ws/install/bumperbot_cpp_examples/bin'
[6.404s] Level 1:colcon.colcon_core.environment:checking '/home/sanket/bumperbot_ws/install/bumperbot_cpp_examples/lib/pkgconfig/bumperbot_cpp_examples.pc'
[6.404s] Level 1:colcon.colcon_core.environment:checking '/home/sanket/bumperbot_ws/install/bumperbot_cpp_examples/lib/python3.10/site-packages'
[6.404s] Level 1:colcon.colcon_core.environment:checking '/home/sanket/bumperbot_ws/install/bumperbot_cpp_examples/bin'
[6.405s] INFO:colcon.colcon_core.shell:Creating package script '/home/sanket/bumperbot_ws/install/bumperbot_cpp_examples/share/bumperbot_cpp_examples/package.ps1'
[6.405s] INFO:colcon.colcon_core.shell:Creating package descriptor '/home/sanket/bumperbot_ws/install/bumperbot_cpp_examples/share/bumperbot_cpp_examples/package.dsv'
[6.405s] INFO:colcon.colcon_core.shell:Creating package script '/home/sanket/bumperbot_ws/install/bumperbot_cpp_examples/share/bumperbot_cpp_examples/package.sh'
[6.405s] INFO:colcon.colcon_core.shell:Creating package script '/home/sanket/bumperbot_ws/install/bumperbot_cpp_examples/share/bumperbot_cpp_examples/package.bash'
[6.406s] INFO:colcon.colcon_core.shell:Creating package script '/home/sanket/bumperbot_ws/install/bumperbot_cpp_examples/share/bumperbot_cpp_examples/package.zsh'
[6.406s] Level 1:colcon.colcon_core.environment:create_file_with_runtime_dependencies(/home/sanket/bumperbot_ws/install/bumperbot_cpp_examples/share/colcon-core/packages/bumperbot_cpp_examples)
[6.406s] Level 1:colcon.colcon_core.environment:create_environment_scripts_only(bumperbot_cpp_examples)
[6.406s] Level 1:colcon.colcon_core.environment:checking '/home/sanket/bumperbot_ws/install/bumperbot_cpp_examples' for CMake module files
[6.407s] Level 1:colcon.colcon_core.environment:checking '/home/sanket/bumperbot_ws/install/bumperbot_cpp_examples' for CMake config files
[6.407s] Level 1:colcon.colcon_core.shell:create_environment_hook('bumperbot_cpp_examples', 'cmake_prefix_path')
[6.407s] INFO:colcon.colcon_core.shell:Creating environment hook '/home/sanket/bumperbot_ws/install/bumperbot_cpp_examples/share/bumperbot_cpp_examples/hook/cmake_prefix_path.ps1'
[6.407s] INFO:colcon.colcon_core.shell:Creating environment descriptor '/home/sanket/bumperbot_ws/install/bumperbot_cpp_examples/share/bumperbot_cpp_examples/hook/cmake_prefix_path.dsv'
[6.407s] INFO:colcon.colcon_core.shell:Creating environment hook '/home/sanket/bumperbot_ws/install/bumperbot_cpp_examples/share/bumperbot_cpp_examples/hook/cmake_prefix_path.sh'
[6.408s] Level 1:colcon.colcon_core.environment:checking '/home/sanket/bumperbot_ws/install/bumperbot_cpp_examples/lib'
[6.408s] Level 1:colcon.colcon_core.environment:checking '/home/sanket/bumperbot_ws/install/bumperbot_cpp_examples/bin'
[6.408s] Level 1:colcon.colcon_core.environment:checking '/home/sanket/bumperbot_ws/install/bumperbot_cpp_examples/lib/pkgconfig/bumperbot_cpp_examples.pc'
[6.408s] Level 1:colcon.colcon_core.environment:checking '/home/sanket/bumperbot_ws/install/bumperbot_cpp_examples/lib/python3.10/site-packages'
[6.408s] Level 1:colcon.colcon_core.environment:checking '/home/sanket/bumperbot_ws/install/bumperbot_cpp_examples/bin'
[6.408s] INFO:colcon.colcon_core.shell:Creating package script '/home/sanket/bumperbot_ws/install/bumperbot_cpp_examples/share/bumperbot_cpp_examples/package.ps1'
[6.409s] INFO:colcon.colcon_core.shell:Creating package descriptor '/home/sanket/bumperbot_ws/install/bumperbot_cpp_examples/share/bumperbot_cpp_examples/package.dsv'
[6.409s] INFO:colcon.colcon_core.shell:Creating package script '/home/sanket/bumperbot_ws/install/bumperbot_cpp_examples/share/bumperbot_cpp_examples/package.sh'
[6.409s] INFO:colcon.colcon_core.shell:Creating package script '/home/sanket/bumperbot_ws/install/bumperbot_cpp_examples/share/bumperbot_cpp_examples/package.bash'
[6.410s] INFO:colcon.colcon_core.shell:Creating package script '/home/sanket/bumperbot_ws/install/bumperbot_cpp_examples/share/bumperbot_cpp_examples/package.zsh'
[6.410s] Level 1:colcon.colcon_core.environment:create_file_with_runtime_dependencies(/home/sanket/bumperbot_ws/install/bumperbot_cpp_examples/share/colcon-core/packages/bumperbot_cpp_examples)
[6.410s] DEBUG:colcon.colcon_parallel_executor.executor.parallel:closing loop
[6.410s] DEBUG:colcon.colcon_parallel_executor.executor.parallel:loop closed
[6.410s] DEBUG:colcon.colcon_parallel_executor.executor.parallel:run_until_complete finished with '0'
[6.410s] DEBUG:colcon.colcon_core.event_reactor:joining thread
[6.420s] INFO:colcon.colcon_core.plugin_system:Skipping extension 'colcon_notification.desktop_notification.terminal_notifier': Not used on non-Darwin systems
[6.420s] INFO:colcon.colcon_core.plugin_system:Skipping extension 'colcon_notification.desktop_notification.win32': Not used on non-Windows systems
[6.420s] INFO:colcon.colcon_notification.desktop_notification:Sending desktop notification using 'notify2'
[6.504s] DEBUG:colcon.colcon_core.event_reactor:joined thread
[6.505s] INFO:colcon.colcon_core.shell:Creating prefix script '/home/sanket/bumperbot_ws/install/local_setup.ps1'
[6.506s] INFO:colcon.colcon_core.shell:Creating prefix util module '/home/sanket/bumperbot_ws/install/_local_setup_util_ps1.py'
[6.507s] INFO:colcon.colcon_core.shell:Creating prefix chain script '/home/sanket/bumperbot_ws/install/setup.ps1'
[6.507s] INFO:colcon.colcon_core.shell:Creating prefix script '/home/sanket/bumperbot_ws/install/local_setup.sh'
[6.508s] INFO:colcon.colcon_core.shell:Creating prefix util module '/home/sanket/bumperbot_ws/install/_local_setup_util_sh.py'
[6.508s] INFO:colcon.colcon_core.shell:Creating prefix chain script '/home/sanket/bumperbot_ws/install/setup.sh'
[6.509s] INFO:colcon.colcon_core.shell:Creating prefix script '/home/sanket/bumperbot_ws/install/local_setup.bash'
[6.510s] INFO:colcon.colcon_core.shell:Creating prefix chain script '/home/sanket/bumperbot_ws/install/setup.bash'
[6.510s] INFO:colcon.colcon_core.shell:Creating prefix script '/home/sanket/bumperbot_ws/install/local_setup.zsh'
[6.511s] INFO:colcon.colcon_core.shell:Creating prefix chain script '/home/sanket/bumperbot_ws/install/setup.zsh'
