[0.020s] Invoking command in '/home/sanket/bumperbot_ws/build/bumperbot_controller': CMAKE_PREFIX_PATH=${CMAKE_PREFIX_PATH}:/home/sanket/ros2_ws/install/my_robot_controller:/home/sanket/robot_ws/install/robot_navigation:/home/sanket/robot_ws/install/robot_motor_control:/home/sanket/robot_ws/install/robot_lidar:/opt/ros/humble /usr/bin/cmake --build /home/sanket/bumperbot_ws/build/bumperbot_controller -- -j12 -l12
[0.272s] Invoked command in '/home/sanket/bumperbot_ws/build/bumperbot_controller' returned '0': CMAKE_PREFIX_PATH=${CMAKE_PREFIX_PATH}:/home/sanket/ros2_ws/install/my_robot_controller:/home/sanket/robot_ws/install/robot_navigation:/home/sanket/robot_ws/install/robot_motor_control:/home/sanket/robot_ws/install/robot_lidar:/opt/ros/humble /usr/bin/cmake --build /home/sanket/bumperbot_ws/build/bumperbot_controller -- -j12 -l12
[0.279s] Invoking command in '/home/sanket/bumperbot_ws/build/bumperbot_controller': CMAKE_PREFIX_PATH=${CMAKE_PREFIX_PATH}:/home/sanket/ros2_ws/install/my_robot_controller:/home/sanket/robot_ws/install/robot_navigation:/home/sanket/robot_ws/install/robot_motor_control:/home/sanket/robot_ws/install/robot_lidar:/opt/ros/humble /usr/bin/cmake --install /home/sanket/bumperbot_ws/build/bumperbot_controller
[0.284s] -- Install configuration: ""
[0.285s] -- Up-to-date: /home/sanket/bumperbot_ws/install/bumperbot_controller/share/bumperbot_controller/config
[0.285s] -- Up-to-date: /home/sanket/bumperbot_ws/install/bumperbot_controller/share/bumperbot_controller/config/bumperbot_controller.yaml
[0.285s] -- Up-to-date: /home/sanket/bumperbot_ws/install/bumperbot_controller/share/bumperbot_controller/launch
[0.285s] -- Up-to-date: /home/sanket/bumperbot_ws/install/bumperbot_controller/share/bumperbot_controller/launch/controller.launch.py
[0.285s] -- Up-to-date: /home/sanket/bumperbot_ws/install/bumperbot_controller/share/ament_index/resource_index/package_run_dependencies/bumperbot_controller
[0.285s] -- Up-to-date: /home/sanket/bumperbot_ws/install/bumperbot_controller/share/ament_index/resource_index/parent_prefix_path/bumperbot_controller
[0.285s] -- Up-to-date: /home/sanket/bumperbot_ws/install/bumperbot_controller/share/bumperbot_controller/environment/ament_prefix_path.sh
[0.285s] -- Up-to-date: /home/sanket/bumperbot_ws/install/bumperbot_controller/share/bumperbot_controller/environment/ament_prefix_path.dsv
[0.285s] -- Up-to-date: /home/sanket/bumperbot_ws/install/bumperbot_controller/share/bumperbot_controller/environment/path.sh
[0.285s] -- Up-to-date: /home/sanket/bumperbot_ws/install/bumperbot_controller/share/bumperbot_controller/environment/path.dsv
[0.285s] -- Up-to-date: /home/sanket/bumperbot_ws/install/bumperbot_controller/share/bumperbot_controller/local_setup.bash
[0.285s] -- Up-to-date: /home/sanket/bumperbot_ws/install/bumperbot_controller/share/bumperbot_controller/local_setup.sh
[0.286s] -- Up-to-date: /home/sanket/bumperbot_ws/install/bumperbot_controller/share/bumperbot_controller/local_setup.zsh
[0.286s] -- Up-to-date: /home/sanket/bumperbot_ws/install/bumperbot_controller/share/bumperbot_controller/local_setup.dsv
[0.286s] -- Up-to-date: /home/sanket/bumperbot_ws/install/bumperbot_controller/share/bumperbot_controller/package.dsv
[0.286s] -- Up-to-date: /home/sanket/bumperbot_ws/install/bumperbot_controller/share/ament_index/resource_index/packages/bumperbot_controller
[0.286s] -- Up-to-date: /home/sanket/bumperbot_ws/install/bumperbot_controller/share/bumperbot_controller/cmake/bumperbot_controllerConfig.cmake
[0.286s] -- Up-to-date: /home/sanket/bumperbot_ws/install/bumperbot_controller/share/bumperbot_controller/cmake/bumperbot_controllerConfig-version.cmake
[0.286s] -- Up-to-date: /home/sanket/bumperbot_ws/install/bumperbot_controller/share/bumperbot_controller/package.xml
[0.289s] Invoked command in '/home/sanket/bumperbot_ws/build/bumperbot_controller' returned '0': CMAKE_PREFIX_PATH=${CMAKE_PREFIX_PATH}:/home/sanket/ros2_ws/install/my_robot_controller:/home/sanket/robot_ws/install/robot_navigation:/home/sanket/robot_ws/install/robot_motor_control:/home/sanket/robot_ws/install/robot_lidar:/opt/ros/humble /usr/bin/cmake --install /home/sanket/bumperbot_ws/build/bumperbot_controller
