[0.018s] Invoking command in '/home/sanket/bumperbot_ws/build/bumperbot_controller': CMAKE_PREFIX_PATH=${CMAKE_PREFIX_PATH}:/home/sanket/ros2_ws/install/my_robot_controller:/home/sanket/robot_ws/install/robot_navigation:/home/sanket/robot_ws/install/robot_motor_control:/home/sanket/robot_ws/install/robot_lidar:/opt/ros/humble /usr/bin/cmake --build /home/sanket/bumperbot_ws/build/bumperbot_controller -- -j12 -l12
[0.034s] -- Found ament_cmake: 1.3.13 (/opt/ros/humble/share/ament_cmake/cmake)
[0.124s] -- Found rclpy: 3.3.20 (/opt/ros/humble/share/rclpy/cmake)
[0.124s] -- Found std_msgs: 4.9.1 (/opt/ros/humble/share/std_msgs/cmake)
[0.140s] -- Found rosidl_generator_c: 3.1.8 (/opt/ros/humble/share/rosidl_generator_c/cmake)
[0.142s] -- Found rosidl_adapter: 3.1.8 (/opt/ros/humble/share/rosidl_adapter/cmake)
[0.145s] -- Found rosidl_generator_cpp: 3.1.8 (/opt/ros/humble/share/rosidl_generator_cpp/cmake)
[0.151s] -- Using all available rosidl_typesupport_c: rosidl_typesupport_fastrtps_c;rosidl_typesupport_introspection_c
[0.159s] -- Using all available rosidl_typesupport_cpp: rosidl_typesupport_fastrtps_cpp;rosidl_typesupport_introspection_cpp
[0.172s] -- Found geometry_msgs: 4.9.1 (/opt/ros/humble/share/geometry_msgs/cmake)
[0.180s] -- Found rclcpp: 16.0.18 (/opt/ros/humble/share/rclcpp/cmake)
[0.195s] -- Found rmw_implementation_cmake: 6.1.2 (/opt/ros/humble/share/rmw_implementation_cmake/cmake)
[0.196s] -- Found rmw_fastrtps_cpp: 6.2.10 (/opt/ros/humble/share/rmw_fastrtps_cpp/cmake)
[0.273s] -- Using RMW implementation 'rmw_fastrtps_cpp' as default
[0.352s] [31mCMake Error at CMakeLists.txt:29 (install):
[0.352s]   install does not recognize sub-command TRGETS
[0.352s] 
[0.352s] [0m
[0.352s] -- Found ament_lint_auto: 0.12.15 (/opt/ros/humble/share/ament_lint_auto/cmake)
[0.399s] -- Added test 'cppcheck' to perform static code analysis on C / C++ code
[0.399s] -- Configured cppcheck include dirs: /home/sanket/bumperbot_ws/src/bumperbot_controller/include
[0.399s] -- Configured cppcheck exclude dirs and/or files: 
[0.399s] -- Added test 'flake8' to check Python code syntax and style conventions
[0.400s] -- Added test 'lint_cmake' to check CMake code style
[0.400s] -- Added test 'pep257' to check Python code against some of the docstring style conventions in PEP 257
[0.401s] -- Added test 'uncrustify' to check C / C++ code style
[0.401s] -- Configured uncrustify additional arguments: 
[0.401s] -- Added test 'xmllint' to check XML markup files
[0.402s] -- Configuring incomplete, errors occurred!
[0.402s] See also "/home/sanket/bumperbot_ws/build/bumperbot_controller/CMakeFiles/CMakeOutput.log".
[0.408s] gmake: *** [Makefile:254: cmake_check_build_system] Error 1
[0.410s] Invoked command in '/home/sanket/bumperbot_ws/build/bumperbot_controller' returned '2': CMAKE_PREFIX_PATH=${CMAKE_PREFIX_PATH}:/home/sanket/ros2_ws/install/my_robot_controller:/home/sanket/robot_ws/install/robot_navigation:/home/sanket/robot_ws/install/robot_motor_control:/home/sanket/robot_ws/install/robot_lidar:/opt/ros/humble /usr/bin/cmake --build /home/sanket/bumperbot_ws/build/bumperbot_controller -- -j12 -l12
