[0.026s] Invoking command in '/home/sanket/bumperbot_ws/build/bumperbot_controller': CMAKE_PREFIX_PATH=${CMAKE_PREFIX_PATH}:/home/sanket/bumperbot_ws/install/bumperbot_py_examples:/home/sanket/ros2_ws/install/my_robot_controller:/home/sanket/robot_ws/install/robot_navigation:/home/sanket/robot_ws/install/robot_motor_control:/home/sanket/robot_ws/install/robot_lidar:/opt/ros/humble /usr/bin/cmake /home/sanket/bumperbot_ws/src/bumperbot_controller -DCMAKE_INSTALL_PREFIX=/home/sanket/bumperbot_ws/install/bumperbot_controller
[0.093s] -- The C compiler identification is GNU 11.4.0
[0.156s] -- The CXX compiler identification is GNU 11.4.0
[0.163s] -- Detecting C compiler ABI info
[0.231s] -- Detecting C compiler ABI info - done
[0.241s] -- Check for working C compiler: /usr/bin/cc - skipped
[0.242s] -- Detecting C compile features
[0.242s] -- Detecting C compile features - done
[0.245s] -- Detecting CXX compiler ABI info
[0.323s] -- Detecting CXX compiler ABI info - done
[0.339s] -- Check for working CXX compiler: /usr/bin/c++ - skipped
[0.339s] -- Detecting CXX compile features
[0.340s] -- Detecting CXX compile features - done
[0.346s] -- Found ament_cmake: 1.3.13 (/opt/ros/humble/share/ament_cmake/cmake)
[0.524s] -- Found Python3: /usr/bin/python3 (found version "3.10.12") found components: Interpreter 
[0.644s] -- Found ament_lint_auto: 0.12.15 (/opt/ros/humble/share/ament_lint_auto/cmake)
[0.751s] -- Added test 'flake8' to check Python code syntax and style conventions
[0.752s] -- Added test 'lint_cmake' to check CMake code style
[0.753s] -- Added test 'pep257' to check Python code against some of the docstring style conventions in PEP 257
[0.755s] -- Added test 'xmllint' to check XML markup files
[0.757s] -- Configuring done
[0.761s] -- Generating done
[0.764s] -- Build files have been written to: /home/sanket/bumperbot_ws/build/bumperbot_controller
[0.771s] Invoked command in '/home/sanket/bumperbot_ws/build/bumperbot_controller' returned '0': CMAKE_PREFIX_PATH=${CMAKE_PREFIX_PATH}:/home/sanket/bumperbot_ws/install/bumperbot_py_examples:/home/sanket/ros2_ws/install/my_robot_controller:/home/sanket/robot_ws/install/robot_navigation:/home/sanket/robot_ws/install/robot_motor_control:/home/sanket/robot_ws/install/robot_lidar:/opt/ros/humble /usr/bin/cmake /home/sanket/bumperbot_ws/src/bumperbot_controller -DCMAKE_INSTALL_PREFIX=/home/sanket/bumperbot_ws/install/bumperbot_controller
[0.773s] Invoking command in '/home/sanket/bumperbot_ws/build/bumperbot_controller': CMAKE_PREFIX_PATH=${CMAKE_PREFIX_PATH}:/home/sanket/bumperbot_ws/install/bumperbot_py_examples:/home/sanket/ros2_ws/install/my_robot_controller:/home/sanket/robot_ws/install/robot_navigation:/home/sanket/robot_ws/install/robot_motor_control:/home/sanket/robot_ws/install/robot_lidar:/opt/ros/humble /usr/bin/cmake --build /home/sanket/bumperbot_ws/build/bumperbot_controller -- -j12 -l12
[0.816s] Invoked command in '/home/sanket/bumperbot_ws/build/bumperbot_controller' returned '0': CMAKE_PREFIX_PATH=${CMAKE_PREFIX_PATH}:/home/sanket/bumperbot_ws/install/bumperbot_py_examples:/home/sanket/ros2_ws/install/my_robot_controller:/home/sanket/robot_ws/install/robot_navigation:/home/sanket/robot_ws/install/robot_motor_control:/home/sanket/robot_ws/install/robot_lidar:/opt/ros/humble /usr/bin/cmake --build /home/sanket/bumperbot_ws/build/bumperbot_controller -- -j12 -l12
[0.819s] Invoking command in '/home/sanket/bumperbot_ws/build/bumperbot_controller': CMAKE_PREFIX_PATH=${CMAKE_PREFIX_PATH}:/home/sanket/bumperbot_ws/install/bumperbot_py_examples:/home/sanket/ros2_ws/install/my_robot_controller:/home/sanket/robot_ws/install/robot_navigation:/home/sanket/robot_ws/install/robot_motor_control:/home/sanket/robot_ws/install/robot_lidar:/opt/ros/humble /usr/bin/cmake --install /home/sanket/bumperbot_ws/build/bumperbot_controller
[0.825s] -- Install configuration: ""
[0.825s] -- Installing: /home/sanket/bumperbot_ws/install/bumperbot_controller/share/bumperbot_controller/config
[0.825s] -- Installing: /home/sanket/bumperbot_ws/install/bumperbot_controller/share/bumperbot_controller/config/bumperbot_controller.yaml
[0.826s] -- Installing: /home/sanket/bumperbot_ws/install/bumperbot_controller/share/bumperbot_controller/launch
[0.826s] -- Installing: /home/sanket/bumperbot_ws/install/bumperbot_controller/share/bumperbot_controller/launch/controller.launch.py
[0.826s] -- Installing: /home/sanket/bumperbot_ws/install/bumperbot_controller/share/ament_index/resource_index/package_run_dependencies/bumperbot_controller
[0.826s] -- Installing: /home/sanket/bumperbot_ws/install/bumperbot_controller/share/ament_index/resource_index/parent_prefix_path/bumperbot_controller
[0.826s] -- Installing: /home/sanket/bumperbot_ws/install/bumperbot_controller/share/bumperbot_controller/environment/ament_prefix_path.sh
[0.827s] -- Installing: /home/sanket/bumperbot_ws/install/bumperbot_controller/share/bumperbot_controller/environment/ament_prefix_path.dsv
[0.827s] -- Installing: /home/sanket/bumperbot_ws/install/bumperbot_controller/share/bumperbot_controller/environment/path.sh
[0.827s] -- Installing: /home/sanket/bumperbot_ws/install/bumperbot_controller/share/bumperbot_controller/environment/path.dsv
[0.827s] -- Installing: /home/sanket/bumperbot_ws/install/bumperbot_controller/share/bumperbot_controller/local_setup.bash
[0.827s] -- Installing: /home/sanket/bumperbot_ws/install/bumperbot_controller/share/bumperbot_controller/local_setup.sh
[0.827s] -- Installing: /home/sanket/bumperbot_ws/install/bumperbot_controller/share/bumperbot_controller/local_setup.zsh
[0.827s] -- Installing: /home/sanket/bumperbot_ws/install/bumperbot_controller/share/bumperbot_controller/local_setup.dsv
[0.827s] -- Installing: /home/sanket/bumperbot_ws/install/bumperbot_controller/share/bumperbot_controller/package.dsv
[0.828s] -- Installing: /home/sanket/bumperbot_ws/install/bumperbot_controller/share/ament_index/resource_index/packages/bumperbot_controller
[0.828s] -- Installing: /home/sanket/bumperbot_ws/install/bumperbot_controller/share/bumperbot_controller/cmake/bumperbot_controllerConfig.cmake
[0.828s] -- Installing: /home/sanket/bumperbot_ws/install/bumperbot_controller/share/bumperbot_controller/cmake/bumperbot_controllerConfig-version.cmake
[0.828s] -- Installing: /home/sanket/bumperbot_ws/install/bumperbot_controller/share/bumperbot_controller/package.xml
[0.830s] Invoked command in '/home/sanket/bumperbot_ws/build/bumperbot_controller' returned '0': CMAKE_PREFIX_PATH=${CMAKE_PREFIX_PATH}:/home/sanket/bumperbot_ws/install/bumperbot_py_examples:/home/sanket/ros2_ws/install/my_robot_controller:/home/sanket/robot_ws/install/robot_navigation:/home/sanket/robot_ws/install/robot_motor_control:/home/sanket/robot_ws/install/robot_lidar:/opt/ros/humble /usr/bin/cmake --install /home/sanket/bumperbot_ws/build/bumperbot_controller
