[0.951s] Invoking command in '/home/sanket/bumperbot_ws/src/bumperbot_py_examples': PYTHONPATH=/home/sanket/bumperbot_ws/build/bumperbot_py_examples/prefix_override:/usr/lib/python3/dist-packages/colcon_core/task/python/colcon_distutils_commands:/home/sanket/bumperbot_ws/install/bumperbot_py_examples/lib/python3.10/site-packages:${PYTHONPATH} /usr/bin/python3 -W ignore:setup.py install is deprecated -W ignore:easy_install command is deprecated setup.py egg_info --egg-base ../../build/bumperbot_py_examples build --build-base /home/sanket/bumperbot_ws/build/bumperbot_py_examples/build install --record /home/sanket/bumperbot_ws/build/bumperbot_py_examples/install.log --single-version-externally-managed install_data
[1.280s] running egg_info
[1.281s] creating ../../build/bumperbot_py_examples/bumperbot_py_examples.egg-info
[1.281s] writing ../../build/bumperbot_py_examples/bumperbot_py_examples.egg-info/PKG-INFO
[1.281s] writing dependency_links to ../../build/bumperbot_py_examples/bumperbot_py_examples.egg-info/dependency_links.txt
[1.281s] writing entry points to ../../build/bumperbot_py_examples/bumperbot_py_examples.egg-info/entry_points.txt
[1.282s] writing requirements to ../../build/bumperbot_py_examples/bumperbot_py_examples.egg-info/requires.txt
[1.282s] writing top-level names to ../../build/bumperbot_py_examples/bumperbot_py_examples.egg-info/top_level.txt
[1.282s] writing manifest file '../../build/bumperbot_py_examples/bumperbot_py_examples.egg-info/SOURCES.txt'
[1.284s] reading manifest file '../../build/bumperbot_py_examples/bumperbot_py_examples.egg-info/SOURCES.txt'
[1.285s] writing manifest file '../../build/bumperbot_py_examples/bumperbot_py_examples.egg-info/SOURCES.txt'
[1.285s] running build
[1.285s] running build_py
[1.285s] creating /home/sanket/bumperbot_ws/build/bumperbot_py_examples/build
[1.285s] creating /home/sanket/bumperbot_ws/build/bumperbot_py_examples/build/lib
[1.285s] creating /home/sanket/bumperbot_ws/build/bumperbot_py_examples/build/lib/bumperbot_py_examples
[1.286s] copying bumperbot_py_examples/simple_publisher.py -> /home/sanket/bumperbot_ws/build/bumperbot_py_examples/build/lib/bumperbot_py_examples
[1.286s] copying bumperbot_py_examples/simple_parameter.py -> /home/sanket/bumperbot_ws/build/bumperbot_py_examples/build/lib/bumperbot_py_examples
[1.286s] copying bumperbot_py_examples/simple_turtlesim_kinematics.py -> /home/sanket/bumperbot_ws/build/bumperbot_py_examples/build/lib/bumperbot_py_examples
[1.286s] copying bumperbot_py_examples/simple_subscriber.py -> /home/sanket/bumperbot_ws/build/bumperbot_py_examples/build/lib/bumperbot_py_examples
[1.286s] copying bumperbot_py_examples/__init__.py -> /home/sanket/bumperbot_ws/build/bumperbot_py_examples/build/lib/bumperbot_py_examples
[1.286s] running install
[1.287s] running install_lib
[1.288s] creating /home/sanket/bumperbot_ws/install/bumperbot_py_examples/lib/python3.10/site-packages/bumperbot_py_examples
[1.288s] copying /home/sanket/bumperbot_ws/build/bumperbot_py_examples/build/lib/bumperbot_py_examples/simple_publisher.py -> /home/sanket/bumperbot_ws/install/bumperbot_py_examples/lib/python3.10/site-packages/bumperbot_py_examples
[1.288s] copying /home/sanket/bumperbot_ws/build/bumperbot_py_examples/build/lib/bumperbot_py_examples/simple_parameter.py -> /home/sanket/bumperbot_ws/install/bumperbot_py_examples/lib/python3.10/site-packages/bumperbot_py_examples
[1.288s] copying /home/sanket/bumperbot_ws/build/bumperbot_py_examples/build/lib/bumperbot_py_examples/simple_turtlesim_kinematics.py -> /home/sanket/bumperbot_ws/install/bumperbot_py_examples/lib/python3.10/site-packages/bumperbot_py_examples
[1.288s] copying /home/sanket/bumperbot_ws/build/bumperbot_py_examples/build/lib/bumperbot_py_examples/simple_subscriber.py -> /home/sanket/bumperbot_ws/install/bumperbot_py_examples/lib/python3.10/site-packages/bumperbot_py_examples
[1.288s] copying /home/sanket/bumperbot_ws/build/bumperbot_py_examples/build/lib/bumperbot_py_examples/__init__.py -> /home/sanket/bumperbot_ws/install/bumperbot_py_examples/lib/python3.10/site-packages/bumperbot_py_examples
[1.289s] byte-compiling /home/sanket/bumperbot_ws/install/bumperbot_py_examples/lib/python3.10/site-packages/bumperbot_py_examples/simple_publisher.py to simple_publisher.cpython-310.pyc
[1.290s] byte-compiling /home/sanket/bumperbot_ws/install/bumperbot_py_examples/lib/python3.10/site-packages/bumperbot_py_examples/simple_parameter.py to simple_parameter.cpython-310.pyc
[1.290s] byte-compiling /home/sanket/bumperbot_ws/install/bumperbot_py_examples/lib/python3.10/site-packages/bumperbot_py_examples/simple_turtlesim_kinematics.py to simple_turtlesim_kinematics.cpython-310.pyc
[1.290s] byte-compiling /home/sanket/bumperbot_ws/install/bumperbot_py_examples/lib/python3.10/site-packages/bumperbot_py_examples/simple_subscriber.py to simple_subscriber.cpython-310.pyc
[1.291s] byte-compiling /home/sanket/bumperbot_ws/install/bumperbot_py_examples/lib/python3.10/site-packages/bumperbot_py_examples/__init__.py to __init__.cpython-310.pyc
[1.291s] running install_data
[1.291s] creating /home/sanket/bumperbot_ws/install/bumperbot_py_examples/share/ament_index
[1.291s] creating /home/sanket/bumperbot_ws/install/bumperbot_py_examples/share/ament_index/resource_index
[1.291s] creating /home/sanket/bumperbot_ws/install/bumperbot_py_examples/share/ament_index/resource_index/packages
[1.291s] copying resource/bumperbot_py_examples -> /home/sanket/bumperbot_ws/install/bumperbot_py_examples/share/ament_index/resource_index/packages
[1.291s] copying package.xml -> /home/sanket/bumperbot_ws/install/bumperbot_py_examples/share/bumperbot_py_examples
[1.292s] running install_egg_info
[1.294s] Copying ../../build/bumperbot_py_examples/bumperbot_py_examples.egg-info to /home/sanket/bumperbot_ws/install/bumperbot_py_examples/lib/python3.10/site-packages/bumperbot_py_examples-0.0.0-py3.10.egg-info
[1.294s] running install_scripts
[1.313s] Installing simple_parameter script to /home/sanket/bumperbot_ws/install/bumperbot_py_examples/lib/bumperbot_py_examples
[1.314s] Installing simple_publisher script to /home/sanket/bumperbot_ws/install/bumperbot_py_examples/lib/bumperbot_py_examples
[1.314s] Installing simple_subscriber script to /home/sanket/bumperbot_ws/install/bumperbot_py_examples/lib/bumperbot_py_examples
[1.314s] Installing simple_turtlesim_kinematics script to /home/sanket/bumperbot_ws/install/bumperbot_py_examples/lib/bumperbot_py_examples
[1.314s] writing list of installed files to '/home/sanket/bumperbot_ws/build/bumperbot_py_examples/install.log'
[1.340s] Invoked command in '/home/sanket/bumperbot_ws/src/bumperbot_py_examples' returned '0': PYTHONPATH=/home/sanket/bumperbot_ws/build/bumperbot_py_examples/prefix_override:/usr/lib/python3/dist-packages/colcon_core/task/python/colcon_distutils_commands:/home/sanket/bumperbot_ws/install/bumperbot_py_examples/lib/python3.10/site-packages:${PYTHONPATH} /usr/bin/python3 -W ignore:setup.py install is deprecated -W ignore:easy_install command is deprecated setup.py egg_info --egg-base ../../build/bumperbot_py_examples build --build-base /home/sanket/bumperbot_ws/build/bumperbot_py_examples/build install --record /home/sanket/bumperbot_ws/build/bumperbot_py_examples/install.log --single-version-externally-managed install_data
